<?xml version="1.0" encoding="UTF-8"?>
<testng-results skipped="17" failed="13" ignored="170" total="291" passed="91">
  <reporter-output>
  </reporter-output>
  <suite name="Suite" duration-ms="8075042" started-at="2020-10-05T05:02:25Z" finished-at="2020-10-05T07:17:00Z">
    <groups>
    </groups>
    <test name="Test1" duration-ms="1262790" started-at="2020-10-05T05:02:25Z" finished-at="2020-10-05T05:23:28Z">
      <class name="com.cpcommunity.testScripts.community.TC092_InActivate_PayMent_Gateways">
        <test-method status="PASS" signature="TC092(java.util.Hashtable)[pri:0, instance:com.cpcommunity.testScripts.community.TC092_InActivate_PayMent_Gateways@2c039ac6]" name="TC092" duration-ms="169898" started-at="2020-10-05T01:04:33Z" data-provider="masterDP" finished-at="2020-10-05T01:07:23Z">
          <params>
            <param index="0">
              <value>
                <![CDATA[{Test Descrption=TC092_InActivate_PayMent_Gateways, password=Admin@123, email=andrew74444@gmail.com, browser=chrome, Runmode=Y, Community ID=1150.0, communityName=Co-next Works}]]>
              </value>
            </param>
          </params>
          <reporter-output>
          </reporter-output>
        </test-method> <!-- TC092 -->
        <test-method status="PASS" signature="tearDown()[pri:0, instance:com.cpcommunity.testScripts.community.TC092_InActivate_PayMent_Gateways@2c039ac6]" name="tearDown" is-config="true" duration-ms="732" started-at="2020-10-05T01:07:23Z" finished-at="2020-10-05T01:07:24Z">
          <reporter-output>
          </reporter-output>
        </test-method> <!-- tearDown -->
      </class> <!-- com.cpcommunity.testScripts.community.TC092_InActivate_PayMent_Gateways -->
      <class name="com.cpcommunity.testScripts.community.TC081_Member_Join_And_Leave_Public_Community_From_Global_Communities">
        <test-method status="PASS" signature="TC081(java.util.Hashtable)[pri:0, instance:com.cpcommunity.testScripts.community.TC081_Member_Join_And_Leave_Public_Community_From_Global_Communities@3e57cd70]" name="TC081" duration-ms="140867" started-at="2020-10-05T01:02:26Z" data-provider="masterDP" finished-at="2020-10-05T01:04:47Z">
          <params>
            <param index="0">
              <value>
                <![CDATA[{Test Descrption=TC081_Member_Join_And_Leave_Public_Community_From_Global_Communities, password=Admin@123, email=desanctis234@gmail.com, browser=chrome, Runmode=Y, communityName=Co-next Works}]]>
              </value>
            </param>
          </params>
          <reporter-output>
          </reporter-output>
        </test-method> <!-- TC081 -->
        <test-method status="PASS" signature="tearDown()[pri:0, instance:com.cpcommunity.testScripts.community.TC081_Member_Join_And_Leave_Public_Community_From_Global_Communities@3e57cd70]" name="tearDown" is-config="true" duration-ms="1250" started-at="2020-10-05T01:04:47Z" finished-at="2020-10-05T01:04:48Z">
          <reporter-output>
          </reporter-output>
        </test-method> <!-- tearDown -->
      </class> <!-- com.cpcommunity.testScripts.community.TC081_Member_Join_And_Leave_Public_Community_From_Global_Communities -->
      <class name="com.cpcommunity.testScripts.community.TC131_Purchase_Pricing_Plan_With_Authorize_Net">
        <test-method status="PASS" signature="TC131(java.util.Hashtable)[pri:0, instance:com.cpcommunity.testScripts.community.TC131_Purchase_Pricing_Plan_With_Authorize_Net@587d1d39]" name="TC131" duration-ms="463050" started-at="2020-10-05T01:04:37Z" data-provider="masterDP" finished-at="2020-10-05T01:12:20Z">
          <params>
            <param index="0">
              <value>
                <![CDATA[{additionalDetails=Event Management Prefered , communityName=Community - 2, jobTypeID=Contract, remarks=immediate joining required, makeGlobal=Yes, browser=chrome, OtherName=Other Name, planName=All Plans 1, email2=curatora99@gmail.com, About=Please check back soon, email1=connectproemqa@gmail.com, resume=\src\test\resources\testImages\Files\ChromePDF1.pdf, name=Silver, description=As a Business Analyst, you will be –

· Working closely with internal, external stakeholders and end users to understand their business objectives and processes.

· Leading the requirement collection activities including creating workshop and interview schedules and agenda.

· Facilitating requirement gathering workshops and interviews to identify, translate and document business and user needs into detailed, testable and verifiable business, functional and system requirement specifications

· Facilitating communications between solution architects, developers, quality assurance analysts and business users as required throughout the requirement analysis, design and testing phases to ensure the defined requirements are interpreted correctly

· Draft the functional requirements documents as use cases or user stories. Create mock up screens wherever required.

· Coordinating with UI designer to ensure the UI design is in-line with the requirements at hand.

· Creating and maintaining project deliverables as defined by the Project Development methodology, be it SDLC or Agile.

· Working closely with the Solutions practice project manager(s) and delivery manager to help defining project scope. Working closely with the quality assurance lead and the business users during system testing and user acceptance testing to ensure that requirements are thoroughly tested and if necessary assist with executing test cases.

· Participating in the creation of end user and system training plans and documentation, facilitate training sessions

· Collaborating with the Solutions team on new business proposals and projects which may require the collection, analysis and documentation of information and/or data

Skills & Qualifications

· 3 - 5 years of experience as a Business Analyst

· Experience with formal project management methodologies, best practices, system development life-cycle and product development life-cycle

· Experience working with off-shore development and testing teams

· Experience with translating business and user needs into detailed, testable and verifiable business, functional and system requirement specifications preferably for web based applications

· Experience with documenting specifications for business intelligence or information technology reports, dashboards

· Experience with business process design techniques

· Experience with Microsoft office suite of products

· Must possess strong interpersonal, communication and presentation skills

· Must be capable of gaining client and end user confidence and trust

· Awareness and understanding of web technology architectures and web user interface design techniques

· Must be willing to occasionally work additional hours to support the needs of the business

· Must be capable of maintaining a high level of productivity in a dynamic and fast paced environment

· Bachelor’s degree in Information Sciences, Information Technologies, Business Science, and Computer Science preferred

· IIBA, PMP or six sigma certification a plus

· Applicants must be able to provide samples of documentation they have authored., BuildingRelationship=Building Relationship, Branding=Branding, groupDescription=Please check back soon...., location=Madhapur, Hyderabad, city=Hyderabad, durationType=Day(s), billingRate=$20-$25, Networking=Networking, email=andrew74444@gmail.com, duration=1.0, jobTitle=Business Analyst, paymentMethod=authorize, logoImagePath=\src\test\resources\testImages\ExeFiles\ChromeImage4.exe, price=10.0, password=Admin@123, paymentGateway=authorize, membershipPlan=Advertisements, groupType=Public, Category=Learning, Runmode=Y, optionalMessage=Ready to join in 5 days, InvestInBusiness=InvestIn Business, Marketing=Marketing, groupCategory=Music, membershipPlanDescription=SheTek is addressing the need to increase the percentage of women represented in the technology industry. Our SheTek Community supports a pipeline of talent that is highly skilled and job ready. This unique community is powered through partnerships and collaborations to provide training, mentorship, and internships that lead to job placements through SheTek Staffing Services. We also empower women entrepreneurs through our technology offerings by giving them access to solutions and CTO services that help them grow their business., Other=no other, Test Descrption=TC131_Purchase_Pricing_Plan_With_Authorize_Net, GrowMyBusiness=Grow My Business, groupName=Public Group, state=Telangana, type=Public}]]>
              </value>
            </param>
          </params>
          <reporter-output>
          </reporter-output>
        </test-method> <!-- TC131 -->
        <test-method status="PASS" signature="tearDown()[pri:0, instance:com.cpcommunity.testScripts.community.TC131_Purchase_Pricing_Plan_With_Authorize_Net@587d1d39]" name="tearDown" is-config="true" duration-ms="879" started-at="2020-10-05T01:12:20Z" finished-at="2020-10-05T01:12:21Z">
          <reporter-output>
          </reporter-output>
        </test-method> <!-- tearDown -->
      </class> <!-- com.cpcommunity.testScripts.community.TC131_Purchase_Pricing_Plan_With_Authorize_Net -->
      <class name="com.cpcommunity.testScripts.community.TC084_Member_Leave_community_from_My_Communities________">
        <test-method status="PASS" signature="TC084(java.util.Hashtable)[pri:0, instance:com.cpcommunity.testScripts.community.TC084_Member_Leave_community_from_My_Communities________@9a7504c]" name="TC084" duration-ms="153700" started-at="2020-10-05T01:02:26Z" data-provider="masterDP" finished-at="2020-10-05T01:05:00Z">
          <params>
            <param index="0">
              <value>
                <![CDATA[{Test Descrption=TC084_Member_Leave_community_from_My_Communities________, password=Admin@123, email=cookalastair93@gmail.com, browser=chrome, Runmode=Y, communityName=Co-next Works}]]>
              </value>
            </param>
          </params>
          <reporter-output>
          </reporter-output>
        </test-method> <!-- TC084 -->
        <test-method status="PASS" signature="tearDown()[pri:0, instance:com.cpcommunity.testScripts.community.TC084_Member_Leave_community_from_My_Communities________@9a7504c]" name="tearDown" is-config="true" duration-ms="1269" started-at="2020-10-05T01:05:00Z" finished-at="2020-10-05T01:05:01Z">
          <reporter-output>
          </reporter-output>
        </test-method> <!-- tearDown -->
      </class> <!-- com.cpcommunity.testScripts.community.TC084_Member_Leave_community_from_My_Communities________ -->
      <class name="com.cpcommunity.testScripts.community.TC029_Create_community_From_My_Communites">
        <test-method status="PASS" signature="TC029(java.util.Hashtable)[pri:0, instance:com.cpcommunity.testScripts.community.TC029_Create_community_From_My_Communites@32d2fa64]" name="TC029" duration-ms="127413" started-at="2020-10-05T01:02:26Z" data-provider="masterDP" finished-at="2020-10-05T01:04:34Z">
          <params>
            <param index="0">
              <value>
                <![CDATA[{About=Please check back soon, InvestInBusiness=InvestIn Business, Test Descrption=TC029_Create_community_From_My_Communites, Branding=Branding, Runmode=Y, OtherName=Other Name, Other=no other, browser=chrome, communityName=Virtual Business -, BuildingRelationship=Building Relationship, Marketing=Marketing, email=curatora99@gmail.com, type=Private, Networking=Networking, GrowMyBusiness=Grow My Business, Category=Learning, password=Admin@123}]]>
              </value>
            </param>
          </params>
          <reporter-output>
          </reporter-output>
        </test-method> <!-- TC029 -->
        <test-method status="PASS" signature="tearDown()[pri:0, instance:com.cpcommunity.testScripts.community.TC029_Create_community_From_My_Communites@32d2fa64]" name="tearDown" is-config="true" duration-ms="3123" started-at="2020-10-05T01:04:34Z" finished-at="2020-10-05T01:04:37Z">
          <reporter-output>
          </reporter-output>
        </test-method> <!-- tearDown -->
      </class> <!-- com.cpcommunity.testScripts.community.TC029_Create_community_From_My_Communites -->
      <class name="com.cpcommunity.testScripts.myprofiletestcases.TC027_Verify_User_Is_Able_To_Update_Interests">
        <test-method status="PASS" signature="TC027(java.util.Hashtable)[pri:0, instance:com.cpcommunity.testScripts.myprofiletestcases.TC027_Verify_User_Is_Able_To_Update_Interests@23d2a7e8]" name="TC027" duration-ms="64895" started-at="2020-10-05T01:09:20Z" data-provider="masterDP" finished-at="2020-10-05T01:10:25Z">
          <params>
            <param index="0">
              <value>
                <![CDATA[{Test Descrption=TC027_Verify_User_Is_Able_To_Update_Interests, password=Admin@123, email=andrew74444@gmail.com, browser=chrome, Runmode=Y, interests=Base Ball}]]>
              </value>
            </param>
          </params>
          <reporter-output>
          </reporter-output>
        </test-method> <!-- TC027 -->
        <test-method status="PASS" signature="tearDown()[pri:0, instance:com.cpcommunity.testScripts.myprofiletestcases.TC027_Verify_User_Is_Able_To_Update_Interests@23d2a7e8]" name="tearDown" is-config="true" duration-ms="1042" started-at="2020-10-05T01:10:25Z" finished-at="2020-10-05T01:10:26Z">
          <reporter-output>
          </reporter-output>
        </test-method> <!-- tearDown -->
      </class> <!-- com.cpcommunity.testScripts.myprofiletestcases.TC027_Verify_User_Is_Able_To_Update_Interests -->
      <class name="com.cpcommunity.testScripts.community.TC001_Purchase_Pricing_Plan_With_PayPal">
        <test-method status="PASS" signature="TC001(java.util.Hashtable)[pri:0, instance:com.cpcommunity.testScripts.community.TC001_Purchase_Pricing_Plan_With_PayPal@436e852b]" name="TC001" duration-ms="1260241" started-at="2020-10-05T01:02:26Z" data-provider="masterDP" finished-at="2020-10-05T01:23:27Z">
          <params>
            <param index="0">
              <value>
                <![CDATA[{additionalDetails=Event Management Prefered , communityName=Community 1 -, jobTypeID=Contract, remarks=immediate joining required, makeGlobal=Yes, browser=chrome, OtherName=Other Name, planName=All Plans 1, email2=curatora99@gmail.com, About=Please check back soon, email1=connectproemqa@gmail.com, resume=\src\test\resources\testImages\Files\ChromePDF1.pdf, name=Silver, description=As a Business Analyst, you will be –

· Working closely with internal, external stakeholders and end users to understand their business objectives and processes.

· Leading the requirement collection activities including creating workshop and interview schedules and agenda.

· Facilitating requirement gathering workshops and interviews to identify, translate and document business and user needs into detailed, testable and verifiable business, functional and system requirement specifications

· Facilitating communications between solution architects, developers, quality assurance analysts and business users as required throughout the requirement analysis, design and testing phases to ensure the defined requirements are interpreted correctly

· Draft the functional requirements documents as use cases or user stories. Create mock up screens wherever required.

· Coordinating with UI designer to ensure the UI design is in-line with the requirements at hand.

· Creating and maintaining project deliverables as defined by the Project Development methodology, be it SDLC or Agile.

· Working closely with the Solutions practice project manager(s) and delivery manager to help defining project scope. Working closely with the quality assurance lead and the business users during system testing and user acceptance testing to ensure that requirements are thoroughly tested and if necessary assist with executing test cases.

· Participating in the creation of end user and system training plans and documentation, facilitate training sessions

· Collaborating with the Solutions team on new business proposals and projects which may require the collection, analysis and documentation of information and/or data

Skills & Qualifications

· 3 - 5 years of experience as a Business Analyst

· Experience with formal project management methodologies, best practices, system development life-cycle and product development life-cycle

· Experience working with off-shore development and testing teams

· Experience with translating business and user needs into detailed, testable and verifiable business, functional and system requirement specifications preferably for web based applications

· Experience with documenting specifications for business intelligence or information technology reports, dashboards

· Experience with business process design techniques

· Experience with Microsoft office suite of products

· Must possess strong interpersonal, communication and presentation skills

· Must be capable of gaining client and end user confidence and trust

· Awareness and understanding of web technology architectures and web user interface design techniques

· Must be willing to occasionally work additional hours to support the needs of the business

· Must be capable of maintaining a high level of productivity in a dynamic and fast paced environment

· Bachelor’s degree in Information Sciences, Information Technologies, Business Science, and Computer Science preferred

· IIBA, PMP or six sigma certification a plus

· Applicants must be able to provide samples of documentation they have authored., BuildingRelationship=Building Relationship, Branding=Branding, groupDescription=Please check back soon...., location=Madhapur, Hyderabad, city=Hyderabad, durationType=Day(s), billingRate=$20-$25, Networking=Networking, email=andrew74444@gmail.com, duration=1, jobTitle=Business Analyst, paymentMethod=authorize, logoImagePath=\src\test\resources\testImages\ExeFiles\ChromeImage4.exe, price=10, password=Admin@123, paymentGateway=authorize, membershipPlan=Advertisements, groupType=Public, Category=Learning, Runmode=Y, optionalMessage=Ready to join in 5 days, InvestInBusiness=InvestIn Business, Marketing=Marketing, groupCategory=Music, membershipPlanDescription=SheTek is addressing the need to increase the percentage of women represented in the technology industry. Our SheTek Community supports a pipeline of talent that is highly skilled and job ready. This unique community is powered through partnerships and collaborations to provide training, mentorship, and internships that lead to job placements through SheTek Staffing Services. We also empower women entrepreneurs through our technology offerings by giving them access to solutions and CTO services that help them grow their business., Other=no other, Test Descrption=TC001_Purchase_Pricing_Plan_With_PayPal, GrowMyBusiness=Grow My Business, groupName=Public Group 1, state=Telangana, type=Public}]]>
              </value>
            </param>
          </params>
          <reporter-output>
          </reporter-output>
        </test-method> <!-- TC001 -->
        <test-method status="PASS" signature="tearDown()[pri:0, instance:com.cpcommunity.testScripts.community.TC001_Purchase_Pricing_Plan_With_PayPal@436e852b]" name="tearDown" is-config="true" duration-ms="1061" started-at="2020-10-05T01:23:27Z" finished-at="2020-10-05T01:23:28Z">
          <reporter-output>
          </reporter-output>
        </test-method> <!-- tearDown -->
      </class> <!-- com.cpcommunity.testScripts.community.TC001_Purchase_Pricing_Plan_With_PayPal -->
      <class name="com.cpcommunity.testScripts.community.TC119_Send_Connection_From_Group_Details_Page">
        <test-method status="SKIP" signature="TC119(java.util.Hashtable)[pri:0, instance:com.cpcommunity.testScripts.community.TC119_Send_Connection_From_Group_Details_Page@6b9651f3]" name="TC119" duration-ms="170010" started-at="2020-10-05T01:07:24Z" data-provider="masterDP" finished-at="2020-10-05T01:10:14Z">
          <params>
            <param index="0">
              <value>
                <![CDATA[{Test Descrption=TC119_Send_Connection_From_Group_Details_Page, password=Admin@123, email=andrew74444@gmail.com, browser=chrome, Runmode=Y, communityName=ASAP(As Soon As Possible) Community, groupName=ASAP Platinum}]]>
              </value>
            </param>
          </params>
          <exception class="org.openqa.selenium.NoSuchElementException">
            <message>
              <![CDATA[no such element: Unable to locate element: {"method":"xpath","selector":"(//dir-pagination-controls//a[@class])[2]"}
  (Session info: chrome=85.0.4183.121)
  (Driver info: chromedriver=2.38.552522 (437e6fbedfa8762dec75e2c5b3ddb86763dc9dcb),platform=Windows NT 10.0.18362 x86_64) (WARNING: The server did not provide any stacktrace information)
Command duration or timeout: 0 milliseconds
For documentation on this error, please visit: http://seleniumhq.org/exceptions/no_such_element.html
Build info: version: '3.14.0', revision: 'aacccce0', time: '2018-08-02T20:19:58.91Z'
System info: host: 'LAPTOP-65H8KDP8', ip: '10.0.0.11', os.name: 'Windows 10', os.arch: 'amd64', os.version: '10.0', java.version: '1.8.0_251'
Driver info: org.openqa.selenium.chrome.ChromeDriver
Capabilities {acceptInsecureCerts: false, acceptSslCerts: false, applicationCacheEnabled: false, browserConnectionEnabled: false, browserName: chrome, chrome: {chromedriverVersion: 2.38.552522 (437e6fbedfa876..., userDataDir: C:\Users\netwo\AppData\Loca...}, cssSelectorsEnabled: true, databaseEnabled: false, handlesAlerts: true, hasTouchScreen: false, javascriptEnabled: true, locationContextEnabled: true, mobileEmulationEnabled: false, nativeEvents: true, networkConnectionEnabled: false, pageLoadStrategy: normal, platform: XP, platformName: XP, rotatable: false, setWindowRect: true, takesHeapSnapshot: true, takesScreenshot: true, unexpectedAlertBehaviour: , unhandledPromptBehavior: , version: 85.0.4183.121, webStorageEnabled: true}
Session ID: c1e47407b8c309c428a8b52c63ec98e0
*** Element info: {Using=xpath, value=(//dir-pagination-controls//a[@class])[2]}]]>
            </message>
            <full-stacktrace>
              <![CDATA[org.openqa.selenium.NoSuchElementException: no such element: Unable to locate element: {"method":"xpath","selector":"(//dir-pagination-controls//a[@class])[2]"}
  (Session info: chrome=85.0.4183.121)
  (Driver info: chromedriver=2.38.552522 (437e6fbedfa8762dec75e2c5b3ddb86763dc9dcb),platform=Windows NT 10.0.18362 x86_64) (WARNING: The server did not provide any stacktrace information)
Command duration or timeout: 0 milliseconds
For documentation on this error, please visit: http://seleniumhq.org/exceptions/no_such_element.html
Build info: version: '3.14.0', revision: 'aacccce0', time: '2018-08-02T20:19:58.91Z'
System info: host: 'LAPTOP-65H8KDP8', ip: '10.0.0.11', os.name: 'Windows 10', os.arch: 'amd64', os.version: '10.0', java.version: '1.8.0_251'
Driver info: org.openqa.selenium.chrome.ChromeDriver
Capabilities {acceptInsecureCerts: false, acceptSslCerts: false, applicationCacheEnabled: false, browserConnectionEnabled: false, browserName: chrome, chrome: {chromedriverVersion: 2.38.552522 (437e6fbedfa876..., userDataDir: C:\Users\netwo\AppData\Loca...}, cssSelectorsEnabled: true, databaseEnabled: false, handlesAlerts: true, hasTouchScreen: false, javascriptEnabled: true, locationContextEnabled: true, mobileEmulationEnabled: false, nativeEvents: true, networkConnectionEnabled: false, pageLoadStrategy: normal, platform: XP, platformName: XP, rotatable: false, setWindowRect: true, takesHeapSnapshot: true, takesScreenshot: true, unexpectedAlertBehaviour: , unhandledPromptBehavior: , version: 85.0.4183.121, webStorageEnabled: true}
Session ID: c1e47407b8c309c428a8b52c63ec98e0
*** Element info: {Using=xpath, value=(//dir-pagination-controls//a[@class])[2]}
	at sun.reflect.NativeConstructorAccessorImpl.newInstance0(Native Method)
	at sun.reflect.NativeConstructorAccessorImpl.newInstance(NativeConstructorAccessorImpl.java:62)
	at sun.reflect.DelegatingConstructorAccessorImpl.newInstance(DelegatingConstructorAccessorImpl.java:45)
	at java.lang.reflect.Constructor.newInstance(Constructor.java:423)
	at org.openqa.selenium.remote.ErrorHandler.createThrowable(ErrorHandler.java:214)
	at org.openqa.selenium.remote.ErrorHandler.throwIfResponseFailed(ErrorHandler.java:166)
	at org.openqa.selenium.remote.http.JsonHttpResponseCodec.reconstructValue(JsonHttpResponseCodec.java:40)
	at org.openqa.selenium.remote.http.AbstractHttpResponseCodec.decode(AbstractHttpResponseCodec.java:80)
	at org.openqa.selenium.remote.http.AbstractHttpResponseCodec.decode(AbstractHttpResponseCodec.java:44)
	at org.openqa.selenium.remote.HttpCommandExecutor.execute(HttpCommandExecutor.java:158)
	at org.openqa.selenium.remote.service.DriverCommandExecutor.execute(DriverCommandExecutor.java:83)
	at org.openqa.selenium.remote.RemoteWebDriver.execute(RemoteWebDriver.java:548)
	at org.openqa.selenium.remote.RemoteWebDriver.findElement(RemoteWebDriver.java:322)
	at org.openqa.selenium.remote.RemoteWebDriver.findElementByXPath(RemoteWebDriver.java:424)
	at org.openqa.selenium.By$ByXPath.findElement(By.java:353)
	at org.openqa.selenium.remote.RemoteWebDriver.findElement(RemoteWebDriver.java:314)
	at com.cpcommunity.PageObjects.GroupDetailsPage.sendconnection(GroupDetailsPage.java:161)
	at com.cpcommunity.testScripts.community.TC119_Send_Connection_From_Group_Details_Page.TC119(TC119_Send_Connection_From_Group_Details_Page.java:40)
	at sun.reflect.NativeMethodAccessorImpl.invoke0(Native Method)
	at sun.reflect.NativeMethodAccessorImpl.invoke(NativeMethodAccessorImpl.java:62)
	at sun.reflect.DelegatingMethodAccessorImpl.invoke(DelegatingMethodAccessorImpl.java:43)
	at java.lang.reflect.Method.invoke(Method.java:498)
	at org.testng.internal.MethodInvocationHelper.invokeMethod(MethodInvocationHelper.java:108)
	at org.testng.internal.Invoker.invokeMethod(Invoker.java:661)
	at org.testng.internal.Invoker.invokeTestMethod(Invoker.java:869)
	at org.testng.internal.Invoker.invokeTestMethods(Invoker.java:1193)
	at org.testng.internal.TestMethodWorker.invokeTestMethods(TestMethodWorker.java:126)
	at org.testng.internal.TestMethodWorker.run(TestMethodWorker.java:109)
	at java.util.concurrent.ThreadPoolExecutor.runWorker(ThreadPoolExecutor.java:1149)
	at java.util.concurrent.ThreadPoolExecutor$Worker.run(ThreadPoolExecutor.java:624)
	at java.lang.Thread.run(Thread.java:748)
]]>
            </full-stacktrace>
          </exception> <!-- org.openqa.selenium.NoSuchElementException -->
          <reporter-output>
          </reporter-output>
        </test-method> <!-- TC119 -->
        <test-method status="PASS" signature="tearDown()[pri:0, instance:com.cpcommunity.testScripts.community.TC119_Send_Connection_From_Group_Details_Page@6b9651f3]" name="tearDown" is-config="true" duration-ms="802" started-at="2020-10-05T01:10:14Z" finished-at="2020-10-05T01:10:15Z">
          <reporter-output>
          </reporter-output>
        </test-method> <!-- tearDown -->
        <test-method status="PASS" signature="TC119(java.util.Hashtable)[pri:0, instance:com.cpcommunity.testScripts.community.TC119_Send_Connection_From_Group_Details_Page@6b9651f3]" name="TC119" duration-ms="119544" started-at="2020-10-05T01:10:15Z" data-provider="masterDP" finished-at="2020-10-05T01:12:14Z">
          <params>
            <param index="0">
              <value>
                <![CDATA[{Test Descrption=TC119_Send_Connection_From_Group_Details_Page, password=Admin@123, email=andrew74444@gmail.com, browser=chrome, Runmode=Y, communityName=ASAP(As Soon As Possible) Community, groupName=ASAP Platinum}]]>
              </value>
            </param>
          </params>
          <reporter-output>
          </reporter-output>
        </test-method> <!-- TC119 -->
        <test-method status="PASS" signature="tearDown()[pri:0, instance:com.cpcommunity.testScripts.community.TC119_Send_Connection_From_Group_Details_Page@6b9651f3]" name="tearDown" is-config="true" duration-ms="961" started-at="2020-10-05T01:12:14Z" finished-at="2020-10-05T01:12:15Z">
          <reporter-output>
          </reporter-output>
        </test-method> <!-- tearDown -->
      </class> <!-- com.cpcommunity.testScripts.community.TC119_Send_Connection_From_Group_Details_Page -->
      <class name="com.cpcommunity.testScripts.community.TC115_SendMessages">
        <test-method status="PASS" signature="TC115(java.util.Hashtable)[pri:0, instance:com.cpcommunity.testScripts.community.TC115_SendMessages@58c1670b]" name="TC115" duration-ms="181563" started-at="2020-10-05T01:04:49Z" data-provider="masterDP" finished-at="2020-10-05T01:07:50Z">
          <params>
            <param index="0">
              <value>
                <![CDATA[{ReplyMessage=Ya, sure we have will have it Andrew, Test Descrption=TC115_SendMessages, password=Admin@123, email=andrew74444@gmail.com, browser=chrome, Runmode=Y, NewMessage=Hi Curator…. Shall we have on meeting on next week ?, email1=curatora99@gmail.com}]]>
              </value>
            </param>
          </params>
          <reporter-output>
          </reporter-output>
        </test-method> <!-- TC115 -->
        <test-method status="PASS" signature="tearDown()[pri:0, instance:com.cpcommunity.testScripts.community.TC115_SendMessages@58c1670b]" name="tearDown" is-config="true" duration-ms="921" started-at="2020-10-05T01:07:50Z" finished-at="2020-10-05T01:07:51Z">
          <reporter-output>
          </reporter-output>
        </test-method> <!-- tearDown -->
      </class> <!-- com.cpcommunity.testScripts.community.TC115_SendMessages -->
      <class name="com.cpcommunity.testScripts.community.TC031_Create_community_From_Global_Communities_page">
        <test-method status="PASS" signature="TC031(java.util.Hashtable)[pri:0, instance:com.cpcommunity.testScripts.community.TC031_Create_community_From_Global_Communities_page@1d8d30f7]" name="TC031" duration-ms="125561" started-at="2020-10-05T01:02:26Z" data-provider="masterDP" finished-at="2020-10-05T01:04:32Z">
          <params>
            <param index="0">
              <value>
                <![CDATA[{About=Please check back soon, InvestInBusiness=InvestIn Business, Test Descrption=TC031_Create_community_From_Global_Communities_page, Branding=Branding, Runmode=Y, OtherName=Other Name, Other=no other, browser=chrome, communityName=Community -, BuildingRelationship=Building Relationship, Marketing=Marketing, email=andrew74444@gmail.com, type=Private, Networking=Networking, GrowMyBusiness=Grow My Business, Category=Learning, password=Admin@123}]]>
              </value>
            </param>
          </params>
          <reporter-output>
          </reporter-output>
        </test-method> <!-- TC031 -->
        <test-method status="PASS" signature="tearDown()[pri:0, instance:com.cpcommunity.testScripts.community.TC031_Create_community_From_Global_Communities_page@1d8d30f7]" name="tearDown" is-config="true" duration-ms="1116" started-at="2020-10-05T01:04:32Z" finished-at="2020-10-05T01:04:33Z">
          <reporter-output>
          </reporter-output>
        </test-method> <!-- tearDown -->
      </class> <!-- com.cpcommunity.testScripts.community.TC031_Create_community_From_Global_Communities_page -->
      <class name="com.cpcommunity.testScripts.community.TC118_Send_Connection_From_Community_Details_Page">
        <test-method status="PASS" signature="TC118(java.util.Hashtable)[pri:0, instance:com.cpcommunity.testScripts.community.TC118_Send_Connection_From_Community_Details_Page@5bb21b69]" name="TC118" duration-ms="110291" started-at="2020-10-05T01:06:15Z" data-provider="masterDP" finished-at="2020-10-05T01:08:06Z">
          <params>
            <param index="0">
              <value>
                <![CDATA[{Test Descrption=TC118_Send_Connection_From_Community_Details_Page, password=Admin@123, email=andrew74444@gmail.com, browser=chrome, Runmode=Y, communityName=ASAP(As Soon As Possible) Community}]]>
              </value>
            </param>
          </params>
          <reporter-output>
          </reporter-output>
        </test-method> <!-- TC118 -->
        <test-method status="PASS" signature="tearDown()[pri:0, instance:com.cpcommunity.testScripts.community.TC118_Send_Connection_From_Community_Details_Page@5bb21b69]" name="tearDown" is-config="true" duration-ms="1287" started-at="2020-10-05T01:08:06Z" finished-at="2020-10-05T01:08:07Z">
          <reporter-output>
          </reporter-output>
        </test-method> <!-- tearDown -->
      </class> <!-- com.cpcommunity.testScripts.community.TC118_Send_Connection_From_Community_Details_Page -->
      <class name="com.cpcommunity.testScripts.community.TC117_Send_Connection_From_Member_Directory">
        <test-method status="PASS" signature="TC117(java.util.Hashtable)[pri:0, instance:com.cpcommunity.testScripts.community.TC117_Send_Connection_From_Member_Directory@6b57696f]" name="TC117" duration-ms="73011" started-at="2020-10-05T01:05:02Z" data-provider="masterDP" finished-at="2020-10-05T01:06:15Z">
          <params>
            <param index="0">
              <value>
                <![CDATA[{Test Descrption=TC117_Send_Connection_From_Member_Directory, password=Admin@123, email=andrew74444@gmail.com, browser=chrome, Runmode=Y}]]>
              </value>
            </param>
          </params>
          <reporter-output>
          </reporter-output>
        </test-method> <!-- TC117 -->
        <test-method status="PASS" signature="tearDown()[pri:0, instance:com.cpcommunity.testScripts.community.TC117_Send_Connection_From_Member_Directory@6b57696f]" name="tearDown" is-config="true" duration-ms="766" started-at="2020-10-05T01:06:15Z" finished-at="2020-10-05T01:06:15Z">
          <reporter-output>
          </reporter-output>
        </test-method> <!-- tearDown -->
      </class> <!-- com.cpcommunity.testScripts.community.TC117_Send_Connection_From_Member_Directory -->
      <class name="com.cpcommunity.testScripts.myprofiletestcases.TC015_Verify_User_Is_Able_To_Update_Profile">
        <test-method status="PASS" signature="TC015(java.util.Hashtable)[pri:0, instance:com.cpcommunity.testScripts.myprofiletestcases.TC015_Verify_User_Is_Able_To_Update_Profile@38bc8ab5]" name="TC015" duration-ms="87818" started-at="2020-10-05T01:07:51Z" data-provider="masterDP" finished-at="2020-10-05T01:09:19Z">
          <params>
            <param index="0">
              <value>
                <![CDATA[{TUrl=https://twitter.com/PamTen_Inc, Test Descrption=TC015_Verify_User_Is_Able_To_Update_Profile, LUrl=https://www.linkedin.com/company/pamteninc, jtitle=Business Analyst, PExt=1212, Runmode=Y, FName=Andrew, browser=chrome, email=andrew74444@gmail.com, PSummary=Lorem Ipsum is simply dummy text of the printing and typesetting industry. Lorem Ipsum has been the industry's standard dummy text ever since the 1500s, when an unknown printer took a galley of type and scrambled it to make a type specimen book. It has survived not only five centuries, but also the leap into electronic typesetting, remaining essentially unchanged. It was popularised in the 1960s with the release of Letraset sheets containing Lorem Ipsum passages, and more recently with desktop publishing software like Aldus PageMaker including versions of Lorem Ipsum, LName=Thomson, FUrl=https://www.facebook.com/pages/PamTen/322853384488287?ref=hl, password=Admin@123, Ytube=https://www.youtube.com/watch?v=eYerndqXoMc, PPhone=9704033377}]]>
              </value>
            </param>
          </params>
          <reporter-output>
          </reporter-output>
        </test-method> <!-- TC015 -->
        <test-method status="PASS" signature="tearDown()[pri:0, instance:com.cpcommunity.testScripts.myprofiletestcases.TC015_Verify_User_Is_Able_To_Update_Profile@38bc8ab5]" name="tearDown" is-config="true" duration-ms="931" started-at="2020-10-05T01:09:19Z" finished-at="2020-10-05T01:09:20Z">
          <reporter-output>
          </reporter-output>
        </test-method> <!-- tearDown -->
      </class> <!-- com.cpcommunity.testScripts.myprofiletestcases.TC015_Verify_User_Is_Able_To_Update_Profile -->
      <class name="com.cpcommunity.testScripts.myprofiletestcases.TC022_Verify_User_Is_Able_To_Add_Protfolio">
        <test-method status="PASS" signature="TC022(java.util.Hashtable)[pri:0, instance:com.cpcommunity.testScripts.myprofiletestcases.TC022_Verify_User_Is_Able_To_Add_Protfolio@687080dc]" name="TC022" duration-ms="73194" started-at="2020-10-05T01:08:07Z" data-provider="masterDP" finished-at="2020-10-05T01:09:20Z">
          <params>
            <param index="0">
              <value>
                <![CDATA[{Test Descrption=TC022_Verify_User_Is_Able_To_Add_Protfolio, url=https://www.google.com/, password=Admin@123, email=andrew74444@gmail.com, browser=chrome, Runmode=Y, title=Google}]]>
              </value>
            </param>
          </params>
          <reporter-output>
          </reporter-output>
        </test-method> <!-- TC022 -->
        <test-method status="PASS" signature="tearDown()[pri:0, instance:com.cpcommunity.testScripts.myprofiletestcases.TC022_Verify_User_Is_Able_To_Add_Protfolio@687080dc]" name="tearDown" is-config="true" duration-ms="802" started-at="2020-10-05T01:09:20Z" finished-at="2020-10-05T01:09:21Z">
          <reporter-output>
          </reporter-output>
        </test-method> <!-- tearDown -->
      </class> <!-- com.cpcommunity.testScripts.myprofiletestcases.TC022_Verify_User_Is_Able_To_Add_Protfolio -->
    </test> <!-- Test1 -->
    <test name="Test2" duration-ms="573518" started-at="2020-10-05T05:23:28Z" finished-at="2020-10-05T05:33:01Z">
      <class name="com.cpcommunity.testScripts.community.TC175_Verify_Membership_Plan_Is_Not_Available_For_Purchased_Pricing_Plan_Without_Membership_Plan_To_CA">
        <test-method status="PASS" signature="TC175(java.util.Hashtable)[pri:0, instance:com.cpcommunity.testScripts.community.TC175_Verify_Membership_Plan_Is_Not_Available_For_Purchased_Pricing_Plan_Without_Membership_Plan_To_CA@1a3869f4]" name="TC175" duration-ms="572402" started-at="2020-10-05T01:23:28Z" data-provider="masterDP" finished-at="2020-10-05T01:33:01Z">
          <params>
            <param index="0">
              <value>
                <![CDATA[{additionalDetails=Event Management Prefered , communityName=Community 2 -, jobTypeID=Contract, remarks=immediate joining required, makeGlobal=Yes, browser=chrome, OtherName=Other Name, planName=Pricing Plan 1, email2=curatora99@gmail.com, About=Please check back soon, email1=connectproemqa@gmail.com, resume=D:\Workspace\CPCommunityQA\src\main\resources\configfile\Files\ChromePDF1.pdf, name=Silver, description=As a Business Analyst, you will be –

· Working closely with internal, external stakeholders and end users to understand their business objectives and processes.

· Leading the requirement collection activities including creating workshop and interview schedules and agenda.

· Facilitating requirement gathering workshops and interviews to identify, translate and document business and user needs into detailed, testable and verifiable business, functional and system requirement specifications

· Facilitating communications between solution architects, developers, quality assurance analysts and business users as required throughout the requirement analysis, design and testing phases to ensure the defined requirements are interpreted correctly

· Draft the functional requirements documents as use cases or user stories. Create mock up screens wherever required.

· Coordinating with UI designer to ensure the UI design is in-line with the requirements at hand.

· Creating and maintaining project deliverables as defined by the Project Development methodology, be it SDLC or Agile.

· Working closely with the Solutions practice project manager(s) and delivery manager to help defining project scope. Working closely with the quality assurance lead and the business users during system testing and user acceptance testing to ensure that requirements are thoroughly tested and if necessary assist with executing test cases.

· Participating in the creation of end user and system training plans and documentation, facilitate training sessions

· Collaborating with the Solutions team on new business proposals and projects which may require the collection, analysis and documentation of information and/or data

Skills & Qualifications

· 3 - 5 years of experience as a Business Analyst

· Experience with formal project management methodologies, best practices, system development life-cycle and product development life-cycle

· Experience working with off-shore development and testing teams

· Experience with translating business and user needs into detailed, testable and verifiable business, functional and system requirement specifications preferably for web based applications

· Experience with documenting specifications for business intelligence or information technology reports, dashboards

· Experience with business process design techniques

· Experience with Microsoft office suite of products

· Must possess strong interpersonal, communication and presentation skills

· Must be capable of gaining client and end user confidence and trust

· Awareness and understanding of web technology architectures and web user interface design techniques

· Must be willing to occasionally work additional hours to support the needs of the business

· Must be capable of maintaining a high level of productivity in a dynamic and fast paced environment

· Bachelor’s degree in Information Sciences, Information Technologies, Business Science, and Computer Science preferred

· IIBA, PMP or six sigma certification a plus

· Applicants must be able to provide samples of documentation they have authored., BuildingRelationship=Building Relationship, Branding=Branding, groupDescription=Please check back soon...., location=Madhapur, Hyderabad, city=Hyderabad, durationType=Day(s), billingRate=$20-$25, Networking=Networking, email=andrew74444@gmail.com, duration=1.0, jobTitle=Business Analyst, paymentMethod=authorize, logoImagePath=D:\Workspace\CPCommunityQA\src\main\resources\configfile\ExeFiles\ChromeImage4, price=10.0, password=Admin@123, paymentGateway=authorize, membershipPlan=Advertisements, groupType=Public, Category=Learning, Runmode=Y, optionalMessage=Ready to join in 5 days, InvestInBusiness=InvestIn Business, Marketing=Marketing, groupCategory=Music, membershipPlanDescription=SheTek is addressing the need to increase the percentage of women represented in the technology industry. Our SheTek Community supports a pipeline of talent that is highly skilled and job ready. This unique community is powered through partnerships and collaborations to provide training, mentorship, and internships that lead to job placements through SheTek Staffing Services. We also empower women entrepreneurs through our technology offerings by giving them access to solutions and CTO services that help them grow their business., Other=no other, Test Descrption=TC175_Verify_Membership_Plan_Is_Not_Available_For_Purchasing_Pricing_Plan_Without_Membership_Plans_To_CA, GrowMyBusiness=Grow My Business, groupName=Public Group, state=Telangana, type=Public}]]>
              </value>
            </param>
          </params>
          <reporter-output>
          </reporter-output>
        </test-method> <!-- TC175 -->
        <test-method status="PASS" signature="tearDown()[pri:0, instance:com.cpcommunity.testScripts.community.TC175_Verify_Membership_Plan_Is_Not_Available_For_Purchased_Pricing_Plan_Without_Membership_Plan_To_CA@1a3869f4]" name="tearDown" is-config="true" duration-ms="928" started-at="2020-10-05T01:33:01Z" finished-at="2020-10-05T01:33:01Z">
          <reporter-output>
          </reporter-output>
        </test-method> <!-- tearDown -->
      </class> <!-- com.cpcommunity.testScripts.community.TC175_Verify_Membership_Plan_Is_Not_Available_For_Purchased_Pricing_Plan_Without_Membership_Plan_To_CA -->
      <class name="com.cpcommunity.testScripts.community.TC032_System_Admin_Community_Approval">
        <test-method status="PASS" signature="TC032(java.util.Hashtable)[pri:0, instance:com.cpcommunity.testScripts.community.TC032_System_Admin_Community_Approval@77f99a05]" name="TC032" duration-ms="107741" started-at="2020-10-05T01:23:28Z" data-provider="masterDP" finished-at="2020-10-05T01:25:16Z">
          <params>
            <param index="0">
              <value>
                <![CDATA[{Test Descrption=TC032_System_Admin_Community_Approval, browser=chrome, password=Admin@123, email=connectproemqa@gmail.com, Runmode=Y, communityName=Community -}]]>
              </value>
            </param>
          </params>
          <reporter-output>
          </reporter-output>
        </test-method> <!-- TC032 -->
        <test-method status="PASS" signature="tearDown()[pri:0, instance:com.cpcommunity.testScripts.community.TC032_System_Admin_Community_Approval@77f99a05]" name="tearDown" is-config="true" duration-ms="736" started-at="2020-10-05T01:25:16Z" finished-at="2020-10-05T01:25:17Z">
          <reporter-output>
          </reporter-output>
        </test-method> <!-- tearDown -->
      </class> <!-- com.cpcommunity.testScripts.community.TC032_System_Admin_Community_Approval -->
      <class name="com.cpcommunity.testScripts.community.TC030_System_Admin_Community_Rejection">
        <test-method status="PASS" signature="TC030(java.util.Hashtable)[pri:0, instance:com.cpcommunity.testScripts.community.TC030_System_Admin_Community_Rejection@a38d7a3]" name="TC030" duration-ms="112895" started-at="2020-10-05T01:23:28Z" data-provider="masterDP" finished-at="2020-10-05T01:25:21Z">
          <params>
            <param index="0">
              <value>
                <![CDATA[{Test Descrption=TC030_System_Admin_Community_Rejection, browser=chrome, password=Admin@123, email=connectproemqa@gmail.com, Runmode=Y, communityName=Virtual Business -, rejectReason=Rejecting the community}]]>
              </value>
            </param>
          </params>
          <reporter-output>
          </reporter-output>
        </test-method> <!-- TC030 -->
        <test-method status="PASS" signature="tearDown()[pri:0, instance:com.cpcommunity.testScripts.community.TC030_System_Admin_Community_Rejection@a38d7a3]" name="tearDown" is-config="true" duration-ms="654" started-at="2020-10-05T01:25:21Z" finished-at="2020-10-05T01:25:22Z">
          <reporter-output>
          </reporter-output>
        </test-method> <!-- tearDown -->
      </class> <!-- com.cpcommunity.testScripts.community.TC030_System_Admin_Community_Rejection -->
      <class name="com.cpcommunity.testScripts.myprofiletestcases.TC023_Verify_User_Is_Able_To_Update_Protfolio">
        <test-method status="PASS" signature="TC023(java.util.Hashtable)[pri:0, instance:com.cpcommunity.testScripts.myprofiletestcases.TC023_Verify_User_Is_Able_To_Update_Protfolio@3aeaafa6]" name="TC023" duration-ms="109854" started-at="2020-10-05T01:23:28Z" data-provider="masterDP" finished-at="2020-10-05T01:25:18Z">
          <params>
            <param index="0">
              <value>
                <![CDATA[{Test Descrption=TC023_Verify_User_Is_Able_To_Update_Protfolio, updateTitle=Pamten, password=Admin@123, email=andrew74444@gmail.com, browser=chrome, Runmode=Y, updateUrl=https://www.pamten.com}]]>
              </value>
            </param>
          </params>
          <reporter-output>
          </reporter-output>
        </test-method> <!-- TC023 -->
        <test-method status="PASS" signature="tearDown()[pri:0, instance:com.cpcommunity.testScripts.myprofiletestcases.TC023_Verify_User_Is_Able_To_Update_Protfolio@3aeaafa6]" name="tearDown" is-config="true" duration-ms="1493" started-at="2020-10-05T01:25:18Z" finished-at="2020-10-05T01:25:19Z">
          <reporter-output>
          </reporter-output>
        </test-method> <!-- tearDown -->
      </class> <!-- com.cpcommunity.testScripts.myprofiletestcases.TC023_Verify_User_Is_Able_To_Update_Protfolio -->
      <class name="com.cpcommunity.testScripts.community.TC094_Activate_PayMent_Gateways">
        <test-method status="PASS" signature="TC094(java.util.Hashtable)[pri:0, instance:com.cpcommunity.testScripts.community.TC094_Activate_PayMent_Gateways@63440df3]" name="TC094" duration-ms="184373" started-at="2020-10-05T01:23:28Z" data-provider="masterDP" finished-at="2020-10-05T01:26:33Z">
          <params>
            <param index="0">
              <value>
                <![CDATA[{Test Descrption=TC094_Activate_PayMent_Gateways, password=Admin@123, email=andrew74444@gmail.com, browser=chrome, Runmode=Y, Community ID=1066.0, communityName=Co-next Works}]]>
              </value>
            </param>
          </params>
          <reporter-output>
          </reporter-output>
        </test-method> <!-- TC094 -->
        <test-method status="PASS" signature="tearDown()[pri:0, instance:com.cpcommunity.testScripts.community.TC094_Activate_PayMent_Gateways@63440df3]" name="tearDown" is-config="true" duration-ms="853" started-at="2020-10-05T01:26:33Z" finished-at="2020-10-05T01:26:33Z">
          <reporter-output>
          </reporter-output>
        </test-method> <!-- tearDown -->
      </class> <!-- com.cpcommunity.testScripts.community.TC094_Activate_PayMent_Gateways -->
      <class name="com.cpcommunity.testScripts.myprofiletestcases.TC028_Verify_User_Is_Able_To_Delete_Interests">
        <test-method status="PASS" signature="TC028(java.util.Hashtable)[pri:0, instance:com.cpcommunity.testScripts.myprofiletestcases.TC028_Verify_User_Is_Able_To_Delete_Interests@76a3e297]" name="TC028" duration-ms="70228" started-at="2020-10-05T01:25:17Z" data-provider="masterDP" finished-at="2020-10-05T01:26:27Z">
          <params>
            <param index="0">
              <value>
                <![CDATA[{Test Descrption=TC028_Verify_User_Is_Able_To_Delete_Interests, password=Admin@123, email=andrew74444@gmail.com, browser=chrome, Runmode=Y}]]>
              </value>
            </param>
          </params>
          <reporter-output>
          </reporter-output>
        </test-method> <!-- TC028 -->
        <test-method status="PASS" signature="tearDown()[pri:0, instance:com.cpcommunity.testScripts.myprofiletestcases.TC028_Verify_User_Is_Able_To_Delete_Interests@76a3e297]" name="tearDown" is-config="true" duration-ms="820" started-at="2020-10-05T01:26:27Z" finished-at="2020-10-05T01:26:28Z">
          <reporter-output>
          </reporter-output>
        </test-method> <!-- tearDown -->
      </class> <!-- com.cpcommunity.testScripts.myprofiletestcases.TC028_Verify_User_Is_Able_To_Delete_Interests -->
    </test> <!-- Test2 -->
    <test name="Test3" duration-ms="314854" started-at="2020-10-05T05:33:02Z" finished-at="2020-10-05T05:38:16Z">
      <class name="com.cpcommunity.testScripts.myprofiletestcases.TC026_Verify_User_Is_Able_To_Update_Skills">
        <test-method status="PASS" signature="TC026(java.util.Hashtable)[pri:0, instance:com.cpcommunity.testScripts.myprofiletestcases.TC026_Verify_User_Is_Able_To_Update_Skills@6a1aab78]" name="TC026" duration-ms="126806" started-at="2020-10-05T01:33:02Z" data-provider="masterDP" finished-at="2020-10-05T01:35:09Z">
          <params>
            <param index="0">
              <value>
                <![CDATA[{Test Descrption=TC026_Verify_User_Is_Able_To_Update_Skills, skills=Java, password=Admin@123, email=andrew74444@gmail.com, browser=chrome, Runmode=Y}]]>
              </value>
            </param>
          </params>
          <reporter-output>
          </reporter-output>
        </test-method> <!-- TC026 -->
        <test-method status="PASS" signature="tearDown()[pri:0, instance:com.cpcommunity.testScripts.myprofiletestcases.TC026_Verify_User_Is_Able_To_Update_Skills@6a1aab78]" name="tearDown" is-config="true" duration-ms="944" started-at="2020-10-05T01:35:09Z" finished-at="2020-10-05T01:35:10Z">
          <reporter-output>
          </reporter-output>
        </test-method> <!-- tearDown -->
      </class> <!-- com.cpcommunity.testScripts.myprofiletestcases.TC026_Verify_User_Is_Able_To_Update_Skills -->
      <class name="com.cpcommunity.testScripts.myprofiletestcases.TC016_Verify_User_is_Able_to_Select_Private_Radio_Button">
        <test-method status="PASS" signature="TC016(java.util.Hashtable)[pri:0, instance:com.cpcommunity.testScripts.myprofiletestcases.TC016_Verify_User_is_Able_to_Select_Private_Radio_Button@491cc5c9]" name="TC016" duration-ms="120586" started-at="2020-10-05T01:33:02Z" data-provider="masterDP" finished-at="2020-10-05T01:35:02Z">
          <params>
            <param index="0">
              <value>
                <![CDATA[{Test Descrption=TC016_Verify_User_is_Able_to_Select_Private_Radio_Button, password=Admin@123, email=andrew74444@gmail.com, browser=chrome, Runmode=Y, PPhone=9704033377}]]>
              </value>
            </param>
          </params>
          <reporter-output>
          </reporter-output>
        </test-method> <!-- TC016 -->
        <test-method status="PASS" signature="tearDown()[pri:0, instance:com.cpcommunity.testScripts.myprofiletestcases.TC016_Verify_User_is_Able_to_Select_Private_Radio_Button@491cc5c9]" name="tearDown" is-config="true" duration-ms="762" started-at="2020-10-05T01:35:02Z" finished-at="2020-10-05T01:35:03Z">
          <reporter-output>
          </reporter-output>
        </test-method> <!-- tearDown -->
      </class> <!-- com.cpcommunity.testScripts.myprofiletestcases.TC016_Verify_User_is_Able_to_Select_Private_Radio_Button -->
      <class name="com.cpcommunity.testScripts.myprofiletestcases.TC024_Verify_User_Is_Able_To_Delete_Protfolio">
        <test-method status="PASS" signature="TC024(java.util.Hashtable)[pri:0, instance:com.cpcommunity.testScripts.myprofiletestcases.TC024_Verify_User_Is_Able_To_Delete_Protfolio@1b26f7b2]" name="TC024" duration-ms="106260" started-at="2020-10-05T01:33:02Z" data-provider="masterDP" finished-at="2020-10-05T01:34:48Z">
          <params>
            <param index="0">
              <value>
                <![CDATA[{Test Descrption=TC024_Verify_User_Is_Able_To_Delete_Protfolio, url=https://www.pamten.com, password=Admin@123, email=andrew74444@gmail.com, browser=chrome, Runmode=Y, title=Pamten}]]>
              </value>
            </param>
          </params>
          <reporter-output>
          </reporter-output>
        </test-method> <!-- TC024 -->
        <test-method status="PASS" signature="tearDown()[pri:0, instance:com.cpcommunity.testScripts.myprofiletestcases.TC024_Verify_User_Is_Able_To_Delete_Protfolio@1b26f7b2]" name="tearDown" is-config="true" duration-ms="1009" started-at="2020-10-05T01:34:48Z" finished-at="2020-10-05T01:34:49Z">
          <reporter-output>
          </reporter-output>
        </test-method> <!-- tearDown -->
      </class> <!-- com.cpcommunity.testScripts.myprofiletestcases.TC024_Verify_User_Is_Able_To_Delete_Protfolio -->
      <class name="com.cpcommunity.testScripts.community.TC033_Complete_Community_Setup">
        <test-method status="PASS" signature="TC033(java.util.Hashtable)[pri:0, instance:com.cpcommunity.testScripts.community.TC033_Complete_Community_Setup@e720b71]" name="TC033" duration-ms="313927" started-at="2020-10-05T01:33:02Z" data-provider="masterDP" finished-at="2020-10-05T01:38:16Z">
          <params>
            <param index="0">
              <value>
                <![CDATA[{paymentGateway=authorize, planName=All Plans 1, Test Descrption=TC033_Complete_Community_Setup, browser=chrome, password=Admin@123, email=andrew74444@gmail.com, Runmode=Y, communityName=Community -}]]>
              </value>
            </param>
          </params>
          <reporter-output>
          </reporter-output>
        </test-method> <!-- TC033 -->
        <test-method status="PASS" signature="tearDown()[pri:0, instance:com.cpcommunity.testScripts.community.TC033_Complete_Community_Setup@e720b71]" name="tearDown" is-config="true" duration-ms="802" started-at="2020-10-05T01:38:16Z" finished-at="2020-10-05T01:38:16Z">
          <reporter-output>
          </reporter-output>
        </test-method> <!-- tearDown -->
      </class> <!-- com.cpcommunity.testScripts.community.TC033_Complete_Community_Setup -->
      <class name="com.cpcommunity.testScripts.community.TC166_Verify_Rejected_Community_Is_Not_Displayed_In_MyCommunities">
        <test-method status="PASS" signature="TC166(java.util.Hashtable)[pri:0, instance:com.cpcommunity.testScripts.community.TC166_Verify_Rejected_Community_Is_Not_Displayed_In_MyCommunities@74ad1f1f]" name="TC166" duration-ms="106607" started-at="2020-10-05T01:33:02Z" data-provider="masterDP" finished-at="2020-10-05T01:34:48Z">
          <params>
            <param index="0">
              <value>
                <![CDATA[{Test Descrption=TC166_Verify_Rejected_Community_Is_Not_Displayed_In_MyCommunities, password=Admin@123, email=curatora99@gmail.com, browser=chrome, Runmode=Y, communityName=Virtual Business -}]]>
              </value>
            </param>
          </params>
          <reporter-output>
          </reporter-output>
        </test-method> <!-- TC166 -->
        <test-method status="PASS" signature="tearDown()[pri:0, instance:com.cpcommunity.testScripts.community.TC166_Verify_Rejected_Community_Is_Not_Displayed_In_MyCommunities@74ad1f1f]" name="tearDown" is-config="true" duration-ms="680" started-at="2020-10-05T01:34:48Z" finished-at="2020-10-05T01:34:49Z">
          <reporter-output>
          </reporter-output>
        </test-method> <!-- tearDown -->
      </class> <!-- com.cpcommunity.testScripts.community.TC166_Verify_Rejected_Community_Is_Not_Displayed_In_MyCommunities -->
    </test> <!-- Test3 -->
    <test name="Test4" duration-ms="604619" started-at="2020-10-05T05:38:17Z" finished-at="2020-10-05T05:48:21Z">
      <class name="com.cpcommunity.testScripts.community.TC171_Verify_Total_Communities_Count_And_In_My_Communities_Are_Same">
        <test-method status="PASS" signature="TC171(java.util.Hashtable)[pri:0, instance:com.cpcommunity.testScripts.community.TC171_Verify_Total_Communities_Count_And_In_My_Communities_Are_Same@13eb8acf]" name="TC171" duration-ms="76192" started-at="2020-10-05T01:44:22Z" data-provider="masterDP" finished-at="2020-10-05T01:45:38Z">
          <params>
            <param index="0">
              <value>
                <![CDATA[{Test Descrption=TC171_Verify_Total_Communities_Count_And_In_My_Communities_Are_Same, password=Admin@123, email=andrew74444@gmail.com, browser=chrome, Runmode=Y, communityName=Community -}]]>
              </value>
            </param>
          </params>
          <reporter-output>
          </reporter-output>
        </test-method> <!-- TC171 -->
        <test-method status="PASS" signature="tearDown()[pri:0, instance:com.cpcommunity.testScripts.community.TC171_Verify_Total_Communities_Count_And_In_My_Communities_Are_Same@13eb8acf]" name="tearDown" is-config="true" duration-ms="925" started-at="2020-10-05T01:45:38Z" finished-at="2020-10-05T01:45:39Z">
          <reporter-output>
          </reporter-output>
        </test-method> <!-- tearDown -->
      </class> <!-- com.cpcommunity.testScripts.community.TC171_Verify_Total_Communities_Count_And_In_My_Communities_Are_Same -->
      <class name="com.cpcommunity.testScripts.community.TC169_Verify_Member_Cannot_Able_To_Remove_CA_From_Manage_Community_Members_page_For_Only_One_Community_Admin">
        <test-method status="PASS" signature="TC162(java.util.Hashtable)[pri:0, instance:com.cpcommunity.testScripts.community.TC169_Verify_Member_Cannot_Able_To_Remove_CA_From_Manage_Community_Members_page_For_Only_One_Community_Admin@1d371b2d]" name="TC162" duration-ms="139429" started-at="2020-10-05T01:43:49Z" data-provider="masterDP" finished-at="2020-10-05T01:46:08Z">
          <params>
            <param index="0">
              <value>
                <![CDATA[{Test Descrption=TC162_Verify_Member_Can_Able_To_Access_Manage_Community_When_The_CA_Role_Is_Assigned, password=Admin@123, email=andrew74444@gmail.com, browser=chrome, Runmode=Y, communityName=Community -, email1=consumera99@gmail.com}]]>
              </value>
            </param>
          </params>
          <reporter-output>
          </reporter-output>
        </test-method> <!-- TC162 -->
        <test-method status="PASS" signature="tearDown()[pri:0, instance:com.cpcommunity.testScripts.community.TC169_Verify_Member_Cannot_Able_To_Remove_CA_From_Manage_Community_Members_page_For_Only_One_Community_Admin@1d371b2d]" name="tearDown" is-config="true" duration-ms="1626" started-at="2020-10-05T01:46:08Z" finished-at="2020-10-05T01:46:10Z">
          <reporter-output>
          </reporter-output>
        </test-method> <!-- tearDown -->
      </class> <!-- com.cpcommunity.testScripts.community.TC169_Verify_Member_Cannot_Able_To_Remove_CA_From_Manage_Community_Members_page_For_Only_One_Community_Admin -->
      <class name="com.cpcommunity.testScripts.advertisments.TC183_Verify_CA_Is_Not_Able_To_Create_Advertisment_Plan_Without_PG_Configuration">
        <test-method status="PASS" signature="TC183(java.util.Hashtable)[pri:0, instance:com.cpcommunity.testScripts.advertisments.TC183_Verify_CA_Is_Not_Able_To_Create_Advertisment_Plan_Without_PG_Configuration@7a30d1e6]" name="TC183" duration-ms="143046" started-at="2020-10-05T01:38:17Z" data-provider="masterDP" finished-at="2020-10-05T01:40:40Z">
          <params>
            <param index="0">
              <value>
                <![CDATA[{Test Descrption=TC183_Verify_CA_Is_Not_Able_To_Create_Advertisment_Plan_Without_Payment_Gateway_Configuration, password=Admin@123, email=andrew74444@gmail.com, browser=chrome, Runmode=Y, communityName=Community -}]]>
              </value>
            </param>
          </params>
          <reporter-output>
          </reporter-output>
        </test-method> <!-- TC183 -->
        <test-method status="PASS" signature="tearDown()[pri:0, instance:com.cpcommunity.testScripts.advertisments.TC183_Verify_CA_Is_Not_Able_To_Create_Advertisment_Plan_Without_PG_Configuration@7a30d1e6]" name="tearDown" is-config="true" duration-ms="710" started-at="2020-10-05T01:40:40Z" finished-at="2020-10-05T01:40:40Z">
          <reporter-output>
          </reporter-output>
        </test-method> <!-- tearDown -->
      </class> <!-- com.cpcommunity.testScripts.advertisments.TC183_Verify_CA_Is_Not_Able_To_Create_Advertisment_Plan_Without_PG_Configuration -->
      <class name="com.cpcommunity.testScripts.community.TC174_Verify_CA_Is_Not_Able_Configure_Membership_Plan_More_Than_Pricing_Plan_Duration">
        <test-method status="PASS" signature="TC001(java.util.Hashtable)[pri:0, instance:com.cpcommunity.testScripts.community.TC174_Verify_CA_Is_Not_Able_Configure_Membership_Plan_More_Than_Pricing_Plan_Duration@7403c468]" name="TC001" duration-ms="110474" started-at="2020-10-05T01:46:00Z" data-provider="masterDP" finished-at="2020-10-05T01:47:50Z">
          <params>
            <param index="0">
              <value>
                <![CDATA[{additionalDetails=Event Management Prefered , communityName=Community 1 -, jobTypeID=Contract, remarks=immediate joining required, makeGlobal=Yes, browser=chrome, OtherName=Other Name, planName=All Plans 1, email2=curatora99@gmail.com, About=Please check back soon, email1=connectproemqa@gmail.com, resume=\src\test\resources\testImages\Files\ChromePDF1.pdf, name=Silver, description=As a Business Analyst, you will be –

· Working closely with internal, external stakeholders and end users to understand their business objectives and processes.

· Leading the requirement collection activities including creating workshop and interview schedules and agenda.

· Facilitating requirement gathering workshops and interviews to identify, translate and document business and user needs into detailed, testable and verifiable business, functional and system requirement specifications

· Facilitating communications between solution architects, developers, quality assurance analysts and business users as required throughout the requirement analysis, design and testing phases to ensure the defined requirements are interpreted correctly

· Draft the functional requirements documents as use cases or user stories. Create mock up screens wherever required.

· Coordinating with UI designer to ensure the UI design is in-line with the requirements at hand.

· Creating and maintaining project deliverables as defined by the Project Development methodology, be it SDLC or Agile.

· Working closely with the Solutions practice project manager(s) and delivery manager to help defining project scope. Working closely with the quality assurance lead and the business users during system testing and user acceptance testing to ensure that requirements are thoroughly tested and if necessary assist with executing test cases.

· Participating in the creation of end user and system training plans and documentation, facilitate training sessions

· Collaborating with the Solutions team on new business proposals and projects which may require the collection, analysis and documentation of information and/or data

Skills & Qualifications

· 3 - 5 years of experience as a Business Analyst

· Experience with formal project management methodologies, best practices, system development life-cycle and product development life-cycle

· Experience working with off-shore development and testing teams

· Experience with translating business and user needs into detailed, testable and verifiable business, functional and system requirement specifications preferably for web based applications

· Experience with documenting specifications for business intelligence or information technology reports, dashboards

· Experience with business process design techniques

· Experience with Microsoft office suite of products

· Must possess strong interpersonal, communication and presentation skills

· Must be capable of gaining client and end user confidence and trust

· Awareness and understanding of web technology architectures and web user interface design techniques

· Must be willing to occasionally work additional hours to support the needs of the business

· Must be capable of maintaining a high level of productivity in a dynamic and fast paced environment

· Bachelor’s degree in Information Sciences, Information Technologies, Business Science, and Computer Science preferred

· IIBA, PMP or six sigma certification a plus

· Applicants must be able to provide samples of documentation they have authored., BuildingRelationship=Building Relationship, Branding=Branding, groupDescription=Please check back soon...., location=Madhapur, Hyderabad, city=Hyderabad, durationType=Day(s), billingRate=$20-$25, Networking=Networking, email=andrew74444@gmail.com, duration=1, jobTitle=Business Analyst, paymentMethod=authorize, logoImagePath=\src\test\resources\testImages\ExeFiles\ChromeImage4.exe, price=10, password=Admin@123, paymentGateway=authorize, membershipPlan=Advertisements, groupType=Public, Category=Learning, Runmode=Y, optionalMessage=Ready to join in 5 days, InvestInBusiness=InvestIn Business, Marketing=Marketing, groupCategory=Music, membershipPlanDescription=SheTek is addressing the need to increase the percentage of women represented in the technology industry. Our SheTek Community supports a pipeline of talent that is highly skilled and job ready. This unique community is powered through partnerships and collaborations to provide training, mentorship, and internships that lead to job placements through SheTek Staffing Services. We also empower women entrepreneurs through our technology offerings by giving them access to solutions and CTO services that help them grow their business., Other=no other, Test Descrption=TC001_Purchase_Pricing_Plan_With_PayPal, GrowMyBusiness=Grow My Business, groupName=Public Group 1, state=Telangana, type=Public}]]>
              </value>
            </param>
          </params>
          <reporter-output>
          </reporter-output>
        </test-method> <!-- TC001 -->
        <test-method status="PASS" signature="tearDown()[pri:0, instance:com.cpcommunity.testScripts.community.TC174_Verify_CA_Is_Not_Able_Configure_Membership_Plan_More_Than_Pricing_Plan_Duration@7403c468]" name="tearDown" is-config="true" duration-ms="837" started-at="2020-10-05T01:47:50Z" finished-at="2020-10-05T01:47:51Z">
          <reporter-output>
          </reporter-output>
        </test-method> <!-- tearDown -->
      </class> <!-- com.cpcommunity.testScripts.community.TC174_Verify_CA_Is_Not_Able_Configure_Membership_Plan_More_Than_Pricing_Plan_Duration -->
      <class name="com.cpcommunity.testScripts.community.TC035_Create_Community_With_Rejected_Community_Name">
        <test-method status="PASS" signature="TC035(java.util.Hashtable)[pri:0, instance:com.cpcommunity.testScripts.community.TC035_Create_Community_With_Rejected_Community_Name@cb0ed20]" name="TC035" duration-ms="127429" started-at="2020-10-05T01:38:17Z" data-provider="masterDP" finished-at="2020-10-05T01:40:24Z">
          <params>
            <param index="0">
              <value>
                <![CDATA[{About=Please check back soon, InvestInBusiness=InvestIn Business, Test Descrption=TC035_Create_Community_With_Rejected_Community_Name, Branding=Branding, Runmode=Y, OtherName=Other Name, Other=no other, browser=chrome, communityName=Virtual Business -, BuildingRelationship=Building Relationship, Marketing=Marketing, email=curatora99@gmail.com, type=Private, Networking=Networking, GrowMyBusiness=Grow My Business, Category=Learning, password=Admin@123}]]>
              </value>
            </param>
          </params>
          <reporter-output>
          </reporter-output>
        </test-method> <!-- TC035 -->
        <test-method status="PASS" signature="tearDown()[pri:0, instance:com.cpcommunity.testScripts.community.TC035_Create_Community_With_Rejected_Community_Name@cb0ed20]" name="tearDown" is-config="true" duration-ms="1201" started-at="2020-10-05T01:40:24Z" finished-at="2020-10-05T01:40:25Z">
          <reporter-output>
          </reporter-output>
        </test-method> <!-- tearDown -->
      </class> <!-- com.cpcommunity.testScripts.community.TC035_Create_Community_With_Rejected_Community_Name -->
      <class name="com.cpcommunity.testScripts.community.TC128_Create_Job_Requirement">
        <test-method status="PASS" signature="TC128(java.util.Hashtable)[pri:0, instance:com.cpcommunity.testScripts.community.TC128_Create_Job_Requirement@4e718207]" name="TC128" duration-ms="305597" started-at="2020-10-05T01:43:14Z" data-provider="masterDP" finished-at="2020-10-05T01:48:20Z">
          <params>
            <param index="0">
              <value>
                <![CDATA[{Description=As a Business Analyst, you will be –

· Working closely with internal, external stakeholders and end users to understand their business objectives and processes.

· Leading the requirement collection activities including creating workshop and interview schedules and agenda.

· Facilitating requirement gathering workshops and interviews to identify, translate and document business and user needs into detailed, testable and verifiable business, functional and system requirement specifications

· Facilitating communications between solution architects, developers, quality assurance analysts and business users as required throughout the requirement analysis, design and testing phases to ensure the defined requirements are interpreted correctly

· Draft the functional requirements documents as use cases or user stories. Create mock up screens wherever required.

· Coordinating with UI designer to ensure the UI design is in-line with the requirements at hand.

· Creating and maintaining project deliverables as defined by the Project Development methodology, be it SDLC or Agile.

· Working closely with the Solutions practice project manager(s) and delivery manager to help defining project scope. Working closely with the quality assurance lead and the business users during system testing and user acceptance testing to ensure that requirements are thoroughly tested and if necessary assist with executing test cases.

· Participating in the creation of end user and system training plans and documentation, facilitate training sessions

· Collaborating with the Solutions team on new business proposals and projects which may require the collection, analysis and documentation of information and/or data

Skills & Qualifications

· 3 - 5 years of experience as a Business Analyst

· Experience with formal project management methodologies, best practices, system development life-cycle and product development life-cycle

· Experience working with off-shore development and testing teams

· Experience with translating business and user needs into detailed, testable and verifiable business, functional and system requirement specifications preferably for web based applications

· Experience with documenting specifications for business intelligence or information technology reports, dashboards

· Experience with business process design techniques

· Experience with Microsoft office suite of products

· Must possess strong interpersonal, communication and presentation skills

· Must be capable of gaining client and end user confidence and trust

· Awareness and understanding of web technology architectures and web user interface design techniques

· Must be willing to occasionally work additional hours to support the needs of the business

· Must be capable of maintaining a high level of productivity in a dynamic and fast paced environment

· Bachelor’s degree in Information Sciences, Information Technologies, Business Science, and Computer Science preferred

· IIBA, PMP or six sigma certification a plus

· Applicants must be able to provide samples of documentation they have authored., Test Descrption=TC128_Create_Job_Requirement, Runmode=Y, makeGlobal=Yes, browser=chrome, Location=Madhapur, Hyderabad, remarks=immediate joining required, communityName=Community -, JobTitle=Business Analyst, email=andrew74444@gmail.com, AdditionalDetails=Event Management Prefered , BillingRate=$20-$25, JobTypeID=Contract, password=Admin@123}]]>
              </value>
            </param>
          </params>
          <reporter-output>
          </reporter-output>
        </test-method> <!-- TC128 -->
        <test-method status="PASS" signature="tearDown()[pri:0, instance:com.cpcommunity.testScripts.community.TC128_Create_Job_Requirement@4e718207]" name="tearDown" is-config="true" duration-ms="1060" started-at="2020-10-05T01:48:20Z" finished-at="2020-10-05T01:48:21Z">
          <reporter-output>
          </reporter-output>
        </test-method> <!-- tearDown -->
      </class> <!-- com.cpcommunity.testScripts.community.TC128_Create_Job_Requirement -->
      <class name="com.cpcommunity.testScripts.community.TC040_Community_Admin_Invite_Members">
        <test-method status="PASS" signature="TC040(java.util.Hashtable)[pri:0, instance:com.cpcommunity.testScripts.community.TC040_Community_Admin_Invite_Members@74a10858]" name="TC040" duration-ms="235977" started-at="2020-10-05T01:40:00Z" data-provider="masterDP" finished-at="2020-10-05T01:43:55Z">
          <params>
            <param index="0">
              <value>
                <![CDATA[{email7=justinchamp111@gmail.com, email6=elizabeth.evans003@gmail.com, email5=brooksalex796@gmail.com, email4=harleydavid463@gmail.com, Test Descrption=TC040_Community_Admin_Invite_Members, email3=nancycarton2@gmail.com, email2=nancykemper463@gmail.com, email1=curatora99@gmail.com, Runmode=Y, browser=chrome, communityName=Community -, email=andrew74444@gmail.com, password=Admin@123}]]>
              </value>
            </param>
          </params>
          <reporter-output>
          </reporter-output>
        </test-method> <!-- TC040 -->
        <test-method status="PASS" signature="tearDown()[pri:0, instance:com.cpcommunity.testScripts.community.TC040_Community_Admin_Invite_Members@74a10858]" name="tearDown" is-config="true" duration-ms="782" started-at="2020-10-05T01:43:55Z" finished-at="2020-10-05T01:43:56Z">
          <reporter-output>
          </reporter-output>
        </test-method> <!-- tearDown -->
      </class> <!-- com.cpcommunity.testScripts.community.TC040_Community_Admin_Invite_Members -->
      <class name="com.cpcommunity.testScripts.community.TC163_Member_Invite_Friends_To_Community">
        <test-method status="PASS" signature="TC163(java.util.Hashtable)[pri:0, instance:com.cpcommunity.testScripts.community.TC163_Member_Invite_Friends_To_Community@543c6f6d]" name="TC163" duration-ms="122378" started-at="2020-10-05T01:43:56Z" data-provider="masterDP" finished-at="2020-10-05T01:45:59Z">
          <params>
            <param index="0">
              <value>
                <![CDATA[{Test Descrption=TC163_Member_Invite_Friends_To_Community, password=Admin@123, email=andrew74444@gmail.com, browser=chrome, friendEmail=elliswatson12x@gmail.com, Runmode=Y, communityName=Community -}]]>
              </value>
            </param>
          </params>
          <reporter-output>
          </reporter-output>
        </test-method> <!-- TC163 -->
        <test-method status="PASS" signature="tearDown()[pri:0, instance:com.cpcommunity.testScripts.community.TC163_Member_Invite_Friends_To_Community@543c6f6d]" name="tearDown" is-config="true" duration-ms="1096" started-at="2020-10-05T01:45:59Z" finished-at="2020-10-05T01:46:00Z">
          <reporter-output>
          </reporter-output>
        </test-method> <!-- tearDown -->
      </class> <!-- com.cpcommunity.testScripts.community.TC163_Member_Invite_Friends_To_Community -->
      <class name="com.cpcommunity.testScripts.community.TC182_Verify_CA_Is_Not_Able_To_Create_Paid_Membership_Plan_Without_PG_Configuration">
        <test-method status="SKIP" signature="TC182(java.util.Hashtable)[pri:0, instance:com.cpcommunity.testScripts.community.TC182_Verify_CA_Is_Not_Able_To_Create_Paid_Membership_Plan_Without_PG_Configuration@5891e32e]" name="TC182" duration-ms="172610" started-at="2020-10-05T01:38:17Z" data-provider="masterDP" finished-at="2020-10-05T01:41:09Z">
          <params>
            <param index="0">
              <value>
                <![CDATA[{name=Paid membership, membershipPlanDescription=Please check back soon….., Test Descrption=TC182_Verify_CA_Is_Not_Able_To_Create_Paid_Membership_Plan_Without_Payment_Gateway_Configuration, duration=9, Runmode=Y, durationType=Days, browser=chrome, price=9, communityName=Community 2 -, email=andrew74444@gmail.com, password=Admin@123}]]>
              </value>
            </param>
          </params>
          <exception class="org.openqa.selenium.NoSuchElementException">
            <message>
              <![CDATA[Timed out after 20 seconds. Unable to locate the element]]>
            </message>
            <full-stacktrace>
              <![CDATA[org.openqa.selenium.NoSuchElementException: Timed out after 20 seconds. Unable to locate the element
	at org.openqa.selenium.support.pagefactory.AjaxElementLocator.findElement(AjaxElementLocator.java:123)
	at org.openqa.selenium.support.pagefactory.internal.LocatingElementHandler.invoke(LocatingElementHandler.java:38)
	at com.sun.proxy.$Proxy9.getWrappedElement(Unknown Source)
	at org.openqa.selenium.remote.internal.WebElementToJsonConverter.apply(WebElementToJsonConverter.java:50)
	at java.util.stream.ReferencePipeline$3$1.accept(ReferencePipeline.java:193)
	at java.util.Spliterators$ArraySpliterator.forEachRemaining(Spliterators.java:948)
	at java.util.stream.AbstractPipeline.copyInto(AbstractPipeline.java:482)
[...]
Session ID: f6e673d9d03179e011f2ae81ffa1fbdd
*** Element info: {Using=xpath, value=//*[@id='mycommunitestab']//a[contains(text(),'VIEW ALL')]}
	at sun.reflect.GeneratedConstructorAccessor77.newInstance(Unknown Source)
	at sun.reflect.DelegatingConstructorAccessorImpl.newInstance(DelegatingConstructorAccessorImpl.java:45)
	at java.lang.reflect.Constructor.newInstance(Constructor.java:423)
	at org.openqa.selenium.remote.ErrorHandler.createThrowable(ErrorHandler.java:214)
	at org.openqa.selenium.remote.ErrorHandler.throwIfResponseFailed(ErrorHandler.java:166)
	at org.openqa.selenium.remote.http.JsonHttpResponseCodec.reconstructValue(JsonHttpResponseCodec.java:40)
	at org.openqa.selenium.remote.http.AbstractHttpResponseCodec.decode(AbstractHttpResponseCodec.java:80)
	at org.openqa.selenium.remote.http.AbstractHttpResponseCodec.decode(AbstractHttpResponseCodec.java:44)
	at org.openqa.selenium.remote.HttpCommandExecutor.execute(HttpCommandExecutor.java:158)
	at org.openqa.selenium.remote.service.DriverCommandExecutor.execute(DriverCommandExecutor.java:83)
	at org.openqa.selenium.remote.RemoteWebDriver.execute(RemoteWebDriver.java:548)
	at org.openqa.selenium.remote.RemoteWebDriver.findElement(RemoteWebDriver.java:322)
	at org.openqa.selenium.remote.RemoteWebDriver.findElementByXPath(RemoteWebDriver.java:424)
	at org.openqa.selenium.By$ByXPath.findElement(By.java:353)
	at org.openqa.selenium.remote.RemoteWebDriver.findElement(RemoteWebDriver.java:314)
	at org.openqa.selenium.support.pagefactory.DefaultElementLocator.findElement(DefaultElementLocator.java:69)
	at org.openqa.selenium.support.pagefactory.AjaxElementLocator.access$001(AjaxElementLocator.java:39)
	at org.openqa.selenium.support.pagefactory.AjaxElementLocator$SlowLoadingElement.isLoaded(AjaxElementLocator.java:194)
	at org.openqa.selenium.support.ui.SlowLoadableComponent.get(SlowLoadableComponent.java:78)
	at org.openqa.selenium.support.pagefactory.AjaxElementLocator.findElement(AjaxElementLocator.java:119)
	... 23 more
]]>
            </full-stacktrace>
          </exception> <!-- org.openqa.selenium.TimeoutException -->
          <reporter-output>
          </reporter-output>
        </test-method> <!-- TC099 -->
        <test-method status="PASS" signature="tearDown()[pri:0, instance:com.cpcommunity.testScripts.community.TC100_Activate_Community_By_Community_Admin@12028586]" name="tearDown" is-config="true" duration-ms="757" started-at="2020-10-05T03:11:33Z" finished-at="2020-10-05T03:11:33Z">
          <reporter-output>
          </reporter-output>
        </test-method> <!-- tearDown -->
        <test-method status="PASS" signature="TC099(java.util.Hashtable)[pri:0, instance:com.cpcommunity.testScripts.community.TC100_Activate_Community_By_Community_Admin@12028586]" name="TC099" duration-ms="108792" started-at="2020-10-05T03:11:33Z" data-provider="masterDP" finished-at="2020-10-05T03:13:22Z">
          <params>
            <param index="0">
              <value>
                <![CDATA[{Test Descrption=TC099_InActivate_And_Activate_Community_By_Admin_Community, password=Admin@123, email=andrew74444@gmail.com, browser=chrome, Runmode=Y, communityName=Community -}]]>
              </value>
            </param>
          </params>
          <reporter-output>
          </reporter-output>
        </test-method> <!-- TC099 -->
        <test-method status="PASS" signature="tearDown()[pri:0, instance:com.cpcommunity.testScripts.community.TC100_Activate_Community_By_Community_Admin@12028586]" name="tearDown" is-config="true" duration-ms="778" started-at="2020-10-05T03:13:22Z" finished-at="2020-10-05T03:13:23Z">
          <reporter-output>
          </reporter-output>
        </test-method> <!-- tearDown -->
      </class> <!-- com.cpcommunity.testScripts.community.TC100_Activate_Community_By_Community_Admin -->
      <class name="com.cpcommunity.testScripts.community.TC178_Payment_Pending_Is_Displayed_For_Adding_A_Member_By_CA">
        <test-method status="PASS" signature="setUpFramework()[pri:0, instance:com.cpcommunity.testScripts.community.TC178_Payment_Pending_Is_Displayed_For_Adding_A_Member_By_CA@290dbf45]" name="setUpFramework" is-config="true" duration-ms="42" started-at="2020-10-05T01:02:25Z" finished-at="2020-10-05T01:02:25Z">
          <reporter-output>
          </reporter-output>
        </test-method> <!-- setUpFramework -->
        <test-method status="SKIP" signature="TC178(java.util.Hashtable)[pri:0, instance:com.cpcommunity.testScripts.community.TC178_Payment_Pending_Is_Displayed_For_Adding_A_Member_By_CA@290dbf45]" name="TC178" duration-ms="370764" started-at="2020-10-05T03:08:41Z" data-provider="masterDP" finished-at="2020-10-05T03:14:52Z">
          <params>
            <param index="0">
              <value>
                <![CDATA[{Test Descrption=TC178_Payment_Pending_Is_Displayed_For_Adding_A_Member_By_CA, password=Admin@123, email=andrew74444@gmail.com, browser=chrome, Runmode=Y, communityName=Community 1 -, email1=consumera99@gmail.com}]]>
              </value>
            </param>
          </params>
          <exception class="org.openqa.selenium.TimeoutException">
            <message>
              <![CDATA[Expected condition failed: waiting for visibility of Proxy element for: AjaxElementLocator 'By.xpath: //*[contains(text(),'PAYMENT PENDING')]' (tried for 30 second(s) with 500 milliseconds interval)]]>
            </message>
            <full-stacktrace>
              <![CDATA[org.openqa.selenium.TimeoutException: Expected condition failed: waiting for visibility of Proxy element for: AjaxElementLocator 'By.xpath: //*[contains(text(),'PAYMENT PENDING')]' (tried for 30 second(s) with 500 milliseconds interval)
	at org.openqa.selenium.support.ui.WebDriverWait.timeoutException(WebDriverWait.java:113)
	at org.openqa.selenium.support.ui.FluentWait.until(FluentWait.java:283)
	at com.cpcommunity.PageObjects.BasePage.waitForElementToPresent(BasePage.java:177)
	at com.cpcommunity.PageObjects.MyCommunitiesPage.verifyPaymentPendindDisplayed(MyCommunitiesPage.java:413)
	at com.cpcommunity.testScripts.community.TC178_Payment_Pending_Is_Displayed_For_Adding_A_Member_By_CA.TC178(TC178_Payment_Pending_Is_Displayed_For_Adding_A_Member_By_CA.java:41)
	at sun.reflect.NativeMethodAccessorImpl.invoke0(Native Method)
	at sun.reflect.NativeMethodAccessorImpl.invoke(NativeMethodAccessorImpl.java:62)
	at sun.reflect.DelegatingMethodAccessorImpl.invoke(DelegatingMethodAccessorImpl.java:43)
	at java.lang.reflect.Method.invoke(Method.java:498)
	at org.testng.internal.MethodInvocationHelper.invokeMethod(MethodInvocationHelper.java:108)
	at org.testng.internal.Invoker.invokeMethod(Invoker.java:661)
	at org.testng.internal.Invoker.invokeTestMethod(Invoker.java:869)
	at org.testng.internal.Invoker.invokeTestMethods(Invoker.java:1193)
	at org.testng.internal.TestMethodWorker.invokeTestMethods(TestMethodWorker.java:126)
	at org.testng.internal.TestMethodWorker.run(TestMethodWorker.java:109)
	at java.util.concurrent.ThreadPoolExecutor.runWorker(ThreadPoolExecutor.java:1149)
	at java.util.concurrent.ThreadPoolExecutor$Worker.run(ThreadPoolExecutor.java:624)
	at java.lang.Thread.run(Thread.java:748)
Caused by: org.openqa.selenium.NoSuchElementException: Timed out after 20 seconds. Unable to locate the element
	at org.openqa.selenium.support.pagefactory.AjaxElementLocator.findElement(AjaxElementLocator.java:123)
	at org.openqa.selenium.support.pagefactory.internal.LocatingElementHandler.invoke(LocatingElementHandler.java:38)
	at com.sun.proxy.$Proxy9.isDisplayed(Unknown Source)
	at org.openqa.selenium.support.ui.ExpectedConditions.elementIfVisible(ExpectedConditions.java:315)
	at org.openqa.selenium.support.ui.ExpectedConditions.access$100(ExpectedConditions.java:44)
	at org.openqa.selenium.support.ui.ExpectedConditions$10.apply(ExpectedConditions.java:301)
	at org.openqa.selenium.support.ui.ExpectedConditions$10.apply(ExpectedConditions.java:298)
	at org.openqa.selenium.support.ui.FluentWait.until(FluentWait.java:260)
	... 16 more
Caused by: org.openqa.selenium.NoSuchElementException: no such element: Unable to locate element: {"method":"xpath","selector":"//*[contains(text(),'PAYMENT PENDING')]"}
  (Session info: chrome=85.0.4183.121)
  (Driver info: chromedriver=2.38.552522 (437e6fbedfa8762dec75e2c5b3ddb86763dc9dcb),platform=Windows NT 10.0.18362 x86_64) (WARNING: The server did not provide any stacktrace information)
Command duration or timeout: 0 milliseconds
For documentation on this error, please visit: http://seleniumhq.org/exceptions/no_such_element.html
Build info: version: '3.14.0', revision: 'aacccce0', time: '2018-08-02T20:19:58.91Z'
System info: host: 'LAPTOP-65H8KDP8', ip: '10.0.0.11', os.name: 'Windows 10', os.arch: 'amd64', os.version: '10.0', java.version: '1.8.0_251'
Driver info: org.openqa.selenium.chrome.ChromeDriver
Capabilities {acceptInsecureCerts: false, acceptSslCerts: false, applicationCacheEnabled: false, browserConnectionEnabled: false, browserName: chrome, chrome: {chromedriverVersion: 2.38.552522 (437e6fbedfa876..., userDataDir: C:\Users\netwo\AppData\Loca...}, cssSelectorsEnabled: true, databaseEnabled: false, handlesAlerts: true, hasTouchScreen: false, javascriptEnabled: true, locationContextEnabled: true, mobileEmulationEnabled: false, nativeEvents: true, networkConnectionEnabled: false, pageLoadStrategy: normal, platform: XP, platformName: XP, rotatable: false, setWindowRect: true, takesHeapSnapshot: true, takesScreenshot: true, unexpectedAlertBehaviour: , unhandledPromptBehavior: , version: 85.0.4183.121, webStorageEnabled: true}
Session ID: eb55959b8d70425d07f07c5b6221eb09
*** Element info: {Using=xpath, value=//*[contains(text(),'PAYMENT PENDING')]}
	at sun.reflect.GeneratedConstructorAccessor77.newInstance(Unknown Source)
	at sun.reflect.DelegatingConstructorAccessorImpl.newInstance(DelegatingConstructorAccessorImpl.java:45)
	at java.lang.reflect.Constructor.newInstance(Constructor.java:423)
	at org.openqa.selenium.remote.ErrorHandler.createThrowable(ErrorHandler.java:214)
	at org.openqa.selenium.remote.ErrorHandler.throwIfResponseFailed(ErrorHandler.java:166)
	at org.openqa.selenium.remote.http.JsonHttpResponseCodec.reconstructValue(JsonHttpResponseCodec.java:40)
	at org.openqa.selenium.remote.http.AbstractHttpResponseCodec.decode(AbstractHttpResponseCodec.java:80)
	at org.openqa.selenium.remote.http.AbstractHttpResponseCodec.decode(AbstractHttpResponseCodec.java:44)
	at org.openqa.selenium.remote.HttpCommandExecutor.execute(HttpCommandExecutor.java:158)
	at org.openqa.selenium.remote.service.DriverCommandExecutor.execute(DriverCommandExecutor.java:83)
	at org.openqa.selenium.remote.RemoteWebDriver.execute(RemoteWebDriver.java:548)
	at org.openqa.selenium.remote.RemoteWebDriver.findElement(RemoteWebDriver.java:322)
	at org.openqa.selenium.remote.RemoteWebDriver.findElementByXPath(RemoteWebDriver.java:424)
	at org.openqa.selenium.By$ByXPath.findElement(By.java:353)
	at org.openqa.selenium.remote.RemoteWebDriver.findElement(RemoteWebDriver.java:314)
	at org.openqa.selenium.support.pagefactory.DefaultElementLocator.findElement(DefaultElementLocator.java:69)
	at org.openqa.selenium.support.pagefactory.AjaxElementLocator.access$001(AjaxElementLocator.java:39)
	at org.openqa.selenium.support.pagefactory.AjaxElementLocator$SlowLoadingElement.isLoaded(AjaxElementLocator.java:194)
	at org.openqa.selenium.support.ui.SlowLoadableComponent.get(SlowLoadableComponent.java:78)
	at org.openqa.selenium.support.pagefactory.AjaxElementLocator.findElement(AjaxElementLocator.java:119)
	... 23 more
]]>
            </full-stacktrace>
          </exception> <!-- org.openqa.selenium.TimeoutException -->
          <reporter-output>
          </reporter-output>
        </test-method> <!-- TC178 -->
        <test-method status="PASS" signature="tearDown()[pri:0, instance:com.cpcommunity.testScripts.community.TC178_Payment_Pending_Is_Displayed_For_Adding_A_Member_By_CA@290dbf45]" name="tearDown" is-config="true" duration-ms="746" started-at="2020-10-05T03:14:52Z" finished-at="2020-10-05T03:14:53Z">
          <reporter-output>
          </reporter-output>
        </test-method> <!-- tearDown -->
        <test-method status="FAIL" signature="TC178(java.util.Hashtable)[pri:0, instance:com.cpcommunity.testScripts.community.TC178_Payment_Pending_Is_Displayed_For_Adding_A_Member_By_CA@290dbf45]" name="TC178" duration-ms="125768" started-at="2020-10-05T03:14:53Z" data-provider="masterDP" finished-at="2020-10-05T03:16:59Z">
          <params>
            <param index="0">
              <value>
                <![CDATA[{Test Descrption=TC178_Payment_Pending_Is_Displayed_For_Adding_A_Member_By_CA, password=Admin@123, email=andrew74444@gmail.com, browser=chrome, Runmode=Y, communityName=Community 1 -, email1=consumera99@gmail.com}]]>
              </value>
            </param>
          </params>
          <exception class="org.openqa.selenium.StaleElementReferenceException">
            <message>
              <![CDATA[stale element reference: element is not attached to the page document
  (Session info: chrome=85.0.4183.121)
  (Driver info: chromedriver=2.38.552522 (437e6fbedfa8762dec75e2c5b3ddb86763dc9dcb),platform=Windows NT 10.0.18362 x86_64) (WARNING: The server did not provide any stacktrace information)
Command duration or timeout: 0 milliseconds
For documentation on this error, please visit: http://seleniumhq.org/exceptions/stale_element_reference.html
Build info: version: '3.14.0', revision: 'aacccce0', time: '2018-08-02T20:19:58.91Z'
System info: host: 'LAPTOP-65H8KDP8', ip: '10.0.0.11', os.name: 'Windows 10', os.arch: 'amd64', os.version: '10.0', java.version: '1.8.0_251'
Driver info: org.openqa.selenium.chrome.ChromeDriver
Capabilities {acceptInsecureCerts: false, acceptSslCerts: false, applicationCacheEnabled: false, browserConnectionEnabled: false, browserName: chrome, chrome: {chromedriverVersion: 2.38.552522 (437e6fbedfa876..., userDataDir: C:\Users\netwo\AppData\Loca...}, cssSelectorsEnabled: true, databaseEnabled: false, handlesAlerts: true, hasTouchScreen: false, javascriptEnabled: true, locationContextEnabled: true, mobileEmulationEnabled: false, nativeEvents: true, networkConnectionEnabled: false, pageLoadStrategy: normal, platform: XP, platformName: XP, rotatable: false, setWindowRect: true, takesHeapSnapshot: true, takesScreenshot: true, unexpectedAlertBehaviour: , unhandledPromptBehavior: , version: 85.0.4183.121, webStorageEnabled: true}
Session ID: deef2ad01be6a73d338599faed037668]]>
            </message>
            <full-stacktrace>
              <![CDATA[org.openqa.selenium.StaleElementReferenceException: stale element reference: element is not attached to the page document
  (Session info: chrome=85.0.4183.121)
  (Driver info: chromedriver=2.38.552522 (437e6fbedfa8762dec75e2c5b3ddb86763dc9dcb),platform=Windows NT 10.0.18362 x86_64) (WARNING: The server did not provide any stacktrace information)
Command duration or timeout: 0 milliseconds
For documentation on this error, please visit: http://seleniumhq.org/exceptions/stale_element_reference.html
Build info: version: '3.14.0', revision: 'aacccce0', time: '2018-08-02T20:19:58.91Z'
System info: host: 'LAPTOP-65H8KDP8', ip: '10.0.0.11', os.name: 'Windows 10', os.arch: 'amd64', os.version: '10.0', java.version: '1.8.0_251'
Driver info: org.openqa.selenium.chrome.ChromeDriver
Capabilities {acceptInsecureCerts: false, acceptSslCerts: false, applicationCacheEnabled: false, browserConnectionEnabled: false, browserName: chrome, chrome: {chromedriverVersion: 2.38.552522 (437e6fbedfa876..., userDataDir: C:\Users\netwo\AppData\Loca...}, cssSelectorsEnabled: true, databaseEnabled: false, handlesAlerts: true, hasTouchScreen: false, javascriptEnabled: true, locationContextEnabled: true, mobileEmulationEnabled: false, nativeEvents: true, networkConnectionEnabled: false, pageLoadStrategy: normal, platform: XP, platformName: XP, rotatable: false, setWindowRect: true, takesHeapSnapshot: true, takesScreenshot: true, unexpectedAlertBehaviour: , unhandledPromptBehavior: , version: 85.0.4183.121, webStorageEnabled: true}
Session ID: deef2ad01be6a73d338599faed037668
	at sun.reflect.NativeConstructorAccessorImpl.newInstance0(Native Method)
	at sun.reflect.NativeConstructorAccessorImpl.newInstance(NativeConstructorAccessorImpl.java:62)
	at sun.reflect.DelegatingConstructorAccessorImpl.newInstance(DelegatingConstructorAccessorImpl.java:45)
	at java.lang.reflect.Constructor.newInstance(Constructor.java:423)
	at org.openqa.selenium.remote.ErrorHandler.createThrowable(ErrorHandler.java:214)
	at org.openqa.selenium.remote.ErrorHandler.throwIfResponseFailed(ErrorHandler.java:166)
	at org.openqa.selenium.remote.http.JsonHttpResponseCodec.reconstructValue(JsonHttpResponseCodec.java:40)
	at org.openqa.selenium.remote.http.AbstractHttpResponseCodec.decode(AbstractHttpResponseCodec.java:80)
	at org.openqa.selenium.remote.http.AbstractHttpResponseCodec.decode(AbstractHttpResponseCodec.java:44)
	at org.openqa.selenium.remote.HttpCommandExecutor.execute(HttpCommandExecutor.java:158)
	at org.openqa.selenium.remote.service.DriverCommandExecutor.execute(DriverCommandExecutor.java:83)
	at org.openqa.selenium.remote.RemoteWebDriver.execute(RemoteWebDriver.java:548)
	at org.openqa.selenium.remote.RemoteWebDriver.executeScript(RemoteWebDriver.java:485)
	at com.cpcommunity.PageObjects.BasePage.highlightElement(BasePage.java:511)
	at com.cpcommunity.PageObjects.BasePage.click(BasePage.java:199)
	at com.cpcommunity.PageObjects.MyCommunitiesPage.gotoManageCommunity(MyCommunitiesPage.java:375)
	at com.cpcommunity.testScripts.community.TC178_Payment_Pending_Is_Displayed_For_Adding_A_Member_By_CA.TC178(TC178_Payment_Pending_Is_Displayed_For_Adding_A_Member_By_CA.java:32)
	at sun.reflect.NativeMethodAccessorImpl.invoke0(Native Method)
	at sun.reflect.NativeMethodAccessorImpl.invoke(NativeMethodAccessorImpl.java:62)
	at sun.reflect.DelegatingMethodAccessorImpl.invoke(DelegatingMethodAccessorImpl.java:43)
	at java.lang.reflect.Method.invoke(Method.java:498)
	at org.testng.internal.MethodInvocationHelper.invokeMethod(MethodInvocationHelper.java:108)
	at org.testng.internal.Invoker.invokeMethod(Invoker.java:661)
	at org.testng.internal.Invoker.retryFailed(Invoker.java:1014)
	at org.testng.internal.Invoker.invokeTestMethods(Invoker.java:1215)
	at org.testng.internal.TestMethodWorker.invokeTestMethods(TestMethodWorker.java:126)
	at org.testng.internal.TestMethodWorker.run(TestMethodWorker.java:109)
	at java.util.concurrent.ThreadPoolExecutor.runWorker(ThreadPoolExecutor.java:1149)
	at java.util.concurrent.ThreadPoolExecutor$Worker.run(ThreadPoolExecutor.java:624)
	at java.lang.Thread.run(Thread.java:748)
]]>
            </full-stacktrace>
          </exception> <!-- org.openqa.selenium.StaleElementReferenceException -->
          <reporter-output>
          </reporter-output>
        </test-method> <!-- TC178 -->
        <test-method status="PASS" signature="tearDown()[pri:0, instance:com.cpcommunity.testScripts.community.TC178_Payment_Pending_Is_Displayed_For_Adding_A_Member_By_CA@290dbf45]" name="tearDown" is-config="true" duration-ms="719" started-at="2020-10-05T03:16:59Z" finished-at="2020-10-05T03:17:00Z">
          <reporter-output>
          </reporter-output>
        </test-method> <!-- tearDown -->
        <test-method status="PASS" signature="sendmail()[pri:0, instance:com.cpcommunity.testScripts.community.TC178_Payment_Pending_Is_Displayed_For_Adding_A_Member_By_CA@290dbf45]" name="sendmail" is-config="true" duration-ms="805" started-at="2020-10-05T03:17:00Z" finished-at="2020-10-05T03:17:01Z">
          <reporter-output>
          </reporter-output>
        </test-method> <!-- sendmail -->
      </class> <!-- com.cpcommunity.testScripts.community.TC178_Payment_Pending_Is_Displayed_For_Adding_A_Member_By_CA -->
    </test> <!-- Test18 -->
  </suite> <!-- Suite -->
</testng-results>
