<?xml version="1.0" encoding="UTF-8"?>
<!-- Generated by org.testng.reporters.JUnitXMLReporter -->
<testsuite ignored="0" hostname="DESKTOP-TH7CST6" failures="1" tests="1" name="Default test(failed)" time="2.788" errors="0" timestamp="26 May 2021 02:11:21 GMT">
  <testcase classname="com.cpcommunity.ProfileCompleteness.TC_1010_Check_Profile_CompletenessStatus_ByProviding_JobTitle" name="TC1010" time="2.03">
    <failure type="java.io.FileNotFoundException" message="C:\Roshani\Bizligo_Work\bizligo-automation\src\test\resources\testdata\test\25 May 2021\ExecutionRunTime\runTime.txt (The system cannot find the file specified)">
      <![CDATA[java.io.FileNotFoundException: C:\Roshani\Bizligo_Work\bizligo-automation\src\test\resources\testdata\test\25 May 2021\ExecutionRunTime\runTime.txt (The system cannot find the file specified)
	at java.base/java.io.FileInputStream.open0(Native Method)
	at java.base/java.io.FileInputStream.open(FileInputStream.java:211)
	at java.base/java.io.FileInputStream.<init>(FileInputStream.java:153)
	at java.base/java.io.FileReader.<init>(FileReader.java:75)
	at com.cpcommunity.testScripts.community.BaseTest.readInNotePadFile(BaseTest.java:382)
	at com.cpcommunity.testScripts.community.BaseTest.openBrowser(BaseTest.java:613)
	at com.cpcommunity.ProfileCompleteness.TC_1010_Check_Profile_CompletenessStatus_ByProviding_JobTitle.TC1010(TC_1010_Check_Profile_CompletenessStatus_ByProviding_JobTitle.java:26)
... Removed 25 stack frames]]>
    </failure>
  </testcase> <!-- TC1010 -->
</testsuite> <!-- Default test(failed) -->
