<?xml version="1.0" encoding="UTF-8"?>
<!-- Generated by org.testng.reporters.JUnitXMLReporter -->
<testsuite ignored="0" hostname="DESKTOP-6QDE8GI" failures="1" tests="1" name="Test1" time="100.93" errors="0" timestamp="17 Jun 2021 01:39:32 GMT">
  <testcase classname="com.cpcommunity.testScripts.manageCampaign.TC807_Verify_only_registeredattendee_are_listed_inToField" name="TC806" time="98.569">
    <failure type="java.lang.NullPointerException">
      <![CDATA[java.lang.NullPointerException
	at org.openqa.selenium.support.ui.Quotes.escape(Quotes.java:42)
	at org.openqa.selenium.support.ui.Select.selectByVisibleText(Select.java:116)
	at com.cpcommunity.PageObjects.BasePage.selectByVisibleText(BasePage.java:265)
	at com.cpcommunity.PageObjects.ComposeCampaignPage.upcomingEvents(ComposeCampaignPage.java:163)
	at com.cpcommunity.testScripts.manageCampaign.TC807_Verify_only_registeredattendee_are_listed_inToField.TC806(TC807_Verify_only_registeredattendee_are_listed_inToField.java:33)
... Removed 25 stack frames]]>
    </failure>
  </testcase> <!-- TC806 -->
</testsuite> <!-- Test1 -->
