<?xml version="1.0" encoding="UTF-8"?>
<!-- Generated by org.testng.reporters.JUnitXMLReporter -->
<testsuite ignored="0" hostname="DESKTOP-6QDE8GI" failures="1" tests="1" name="Test 1" time="6.716" errors="0" timestamp="20 May 2021 20:01:14 GMT">
  <testcase classname="com.cpcommunity.testScripts.community.TC205_Tenant_Admin_Create_Community" name="@AfterMethod tearDown" time="0.0">
    <failure type="java.lang.NullPointerException">
      <![CDATA[java.lang.NullPointerException
	at com.cpcommunity.testScripts.community.BaseTest.logInfo(BaseTest.java:457)
	at com.cpcommunity.testScripts.community.TC205_Tenant_Admin_Create_Community.tearDown(TC205_Tenant_Admin_Create_Community.java:49)
	at java.base/java.util.concurrent.ThreadPoolExecutor.runWorker(ThreadPoolExecutor.java:1128)
	at java.base/java.util.concurrent.ThreadPoolExecutor$Worker.run(ThreadPoolExecutor.java:628)
	at java.base/java.lang.Thread.run(Thread.java:830)
... Removed 12 stack frames]]>
    </failure>
  </testcase> <!-- @AfterMethod tearDown -->
  <testcase classname="com.cpcommunity.testScripts.community.TC205_Tenant_Admin_Create_Community" name="TC205" time="4.588">
    <failure type="java.lang.NullPointerException">
      <![CDATA[java.lang.NullPointerException
	at com.cpcommunity.testScripts.community.BaseTest.logInfo(BaseTest.java:457)
	at com.cpcommunity.testScripts.community.TC205_Tenant_Admin_Create_Community.TC205(TC205_Tenant_Admin_Create_Community.java:31)
	at java.base/java.util.concurrent.ThreadPoolExecutor.runWorker(ThreadPoolExecutor.java:1128)
	at java.base/java.util.concurrent.ThreadPoolExecutor$Worker.run(ThreadPoolExecutor.java:628)
	at java.base/java.lang.Thread.run(Thread.java:830)
... Removed 10 stack frames]]>
    </failure>
  </testcase> <!-- TC205 -->
</testsuite> <!-- Test 1 -->
