<?xml version="1.0" encoding="UTF-8"?>
<!-- Generated by org.testng.reporters.JUnitXMLReporter -->
<testsuite ignored="10" hostname="DESKTOP-TH7CST6" failures="0" tests="6" name="Test1" time="326.625" errors="0" timestamp="21 May 2021 19:32:07 GMT">
  <testcase classname="com.cpcommunity.testScripts.loginPage.TC001_Verify_User_Able_Login_With_Valid_Credentials" name="TC001" time="60.269"/>
  <testcase classname="com.cpcommunity.testScripts.loginPage.TC002_Verify_User_Able_Login_With_Invalid_Credentials" name="TC002" time="74.702"/>
  <testcase classname="com.cpcommunity.testScripts.loginPage.TC003_Verify_Alert_Displayed_To_Email_Pending_User" name="TC003" time="46.484"/>
  <testcase classname="com.cpcommunity.testScripts.loginPage.TC004_Verify_Organization_Pending_User_Not_Able_Login" name="TC004" time="55.207"/>
  <testcase classname="com.cpcommunity.testScripts.loginPage.TC005_Verify_Alert_Displayed_To_Suspened_User" name="TC005" time="44.504"/>
  <testcase classname="com.cpcommunity.testScripts.loginPage.TC006_Verify_User_Redirected_To_Select_Plans_For_Payment_Pending" name="TC006" time="41.95"/>
  <testcase classname="com.cpcommunity.testScripts.community.BaseTest" name="@BeforeSuite setUpFramework" time="0.0">
    <ignored/>
  </testcase> <!-- @BeforeSuite setUpFramework -->
  <testcase classname="com.cpcommunity.testScripts.community.BaseTest" name="@BeforeSuite setUpFramework" time="0.0">
    <ignored/>
  </testcase> <!-- @BeforeSuite setUpFramework -->
  <testcase classname="com.cpcommunity.testScripts.community.BaseTest" name="@BeforeSuite setUpFramework" time="0.0">
    <ignored/>
  </testcase> <!-- @BeforeSuite setUpFramework -->
  <testcase classname="com.cpcommunity.testScripts.community.BaseTest" name="@BeforeSuite setUpFramework" time="0.0">
    <ignored/>
  </testcase> <!-- @BeforeSuite setUpFramework -->
  <testcase classname="com.cpcommunity.testScripts.community.BaseTest" name="@BeforeSuite setUpFramework" time="0.0">
    <ignored/>
  </testcase> <!-- @BeforeSuite setUpFramework -->
  <testcase classname="com.cpcommunity.testScripts.community.BaseTest" name="@AfterSuite sendmail" time="0.0">
    <ignored/>
  </testcase> <!-- @AfterSuite sendmail -->
  <testcase classname="com.cpcommunity.testScripts.community.BaseTest" name="@AfterSuite sendmail" time="0.0">
    <ignored/>
  </testcase> <!-- @AfterSuite sendmail -->
  <testcase classname="com.cpcommunity.testScripts.community.BaseTest" name="@AfterSuite sendmail" time="0.0">
    <ignored/>
  </testcase> <!-- @AfterSuite sendmail -->
  <testcase classname="com.cpcommunity.testScripts.community.BaseTest" name="@AfterSuite sendmail" time="0.0">
    <ignored/>
  </testcase> <!-- @AfterSuite sendmail -->
  <testcase classname="com.cpcommunity.testScripts.community.BaseTest" name="@AfterSuite sendmail" time="0.0">
    <ignored/>
  </testcase> <!-- @AfterSuite sendmail -->
</testsuite> <!-- Test1 -->
