<html>
<head>
<title>TestNG:  Test8</title>
<link href="../testng.css" rel="stylesheet" type="text/css" />
<link href="../my-testng.css" rel="stylesheet" type="text/css" />

<style type="text/css">
.log { display: none;} 
.stack-trace { display: none;} 
</style>
<script type="text/javascript">
<!--
function flip(e) {
  current = e.style.display;
  if (current == 'block') {
    e.style.display = 'none';
    return 0;
  }
  else {
    e.style.display = 'block';
    return 1;
  }
}

function toggleBox(szDivId, elem, msg1, msg2)
{
  var res = -1;  if (document.getElementById) {
    res = flip(document.getElementById(szDivId));
  }
  else if (document.all) {
    // this is the way old msie versions work
    res = flip(document.all[szDivId]);
  }
  if(elem) {
    if(res == 0) elem.innerHTML = msg1; else elem.innerHTML = msg2;
  }

}

function toggleAllBoxes() {
  if (document.getElementsByTagName) {
    d = document.getElementsByTagName('div');
    for (i = 0; i < d.length; i++) {
      if (d[i].className == 'log') {
        flip(d[i]);
      }
    }
  }
}

// -->
</script>

</head>
<body>
<h2 align='center'>Test8</h2><table border='1' align="center">
<tr>
<td>Tests passed/Failed/Skipped:</td><td>15/0/1</td>
</tr><tr>
<td>Started on:</td><td>Mon Oct 05 02:06:24 EDT 2020</td>
</tr>
<tr><td>Total time:</td><td>629 seconds (629493 ms)</td>
</tr><tr>
<td>Included groups:</td><td></td>
</tr><tr>
<td>Excluded groups:</td><td></td>
</tr>
</table><p/>
<small><i>(Hover the method name to see the test class name)</i></small><p/>
<table width='100%' border='1' class='invocation-passed'>
<tr><td colspan='4' align='center'><b>PASSED TESTS</b></td></tr>
<tr><td><b>Test method</b></td>
<td width="30%"><b>Exception</b></td>
<td width="10%"><b>Time (seconds)</b></td>
<td><b>Instance</b></td>
</tr>
<tr>
<td title='com.cpcommunity.testScripts.myprofiletestcases.TC018_Verify_User_is_Able_to_Select_Email_As_Private.TC018()'><b>TC018</b><br>Test class: com.cpcommunity.testScripts.myprofiletestcases.TC018_Verify_User_is_Able_to_Select_Email_As_Private<br>Parameters: {Test Descrption=TC018_Verify_User_is_Able_to_Select_Email_As_Private, password=Admin@123, email=andrew74444@gmail.com, browser=chrome, Runmode=Y, PPhone=9704033377}</td>
<td></td>
<td>97</td>
<td>com.cpcommunity.testScripts.myprofiletestcases.TC018_Verify_User_is_Able_to_Select_Email_As_Private@727803de</td></tr>
<tr>
<td title='com.cpcommunity.testScripts.community.TC043_Member_Reject_Community_Request_From_Global_Community.TC041ToTC046()'><b>TC041ToTC046</b><br>Test class: com.cpcommunity.testScripts.community.TC043_Member_Reject_Community_Request_From_Global_Community<br>Parameters: {email7=justinchamp111@gmail.com, email6=elizabeth.evans003@gmail.com, email5=brooksalex796@gmail.com, email4=harleydavid463@gmail.com, Test Descrption=Accept and Reject Community Inviattions, email3=nancycarton2@gmail.com, email2=nancykemper463@gmail.com, email1=curatora99@gmail.com, Runmode=Y, browser=chrome, communityName=Community -, password=Admin@123}</td>
<td></td>
<td>106</td>
<td>com.cpcommunity.testScripts.community.TC043_Member_Reject_Community_Request_From_Global_Community@24a35978</td></tr>
<tr>
<td title='com.cpcommunity.testScripts.community.TC041_Member_Reject_Community_request_from_My_Communities.TC041ToTC046()'><b>TC041ToTC046</b><br>Test class: com.cpcommunity.testScripts.community.TC041_Member_Reject_Community_request_from_My_Communities<br>Parameters: {email7=justinchamp111@gmail.com, email6=elizabeth.evans003@gmail.com, email5=brooksalex796@gmail.com, email4=harleydavid463@gmail.com, Test Descrption=Accept and Reject Community Inviattions, email3=nancycarton2@gmail.com, email2=nancykemper463@gmail.com, email1=curatora99@gmail.com, Runmode=Y, browser=chrome, communityName=Community -, password=Admin@123}</td>
<td></td>
<td>108</td>
<td>com.cpcommunity.testScripts.community.TC041_Member_Reject_Community_request_from_My_Communities@704921a5</td></tr>
<tr>
<td title='com.cpcommunity.testScripts.community.TC042_Member_Reject_community_Request_from_Community_details_page.TC041ToTC046()'><b>TC041ToTC046</b><br>Test class: com.cpcommunity.testScripts.community.TC042_Member_Reject_community_Request_from_Community_details_page<br>Parameters: {email7=justinchamp111@gmail.com, email6=elizabeth.evans003@gmail.com, email5=brooksalex796@gmail.com, email4=harleydavid463@gmail.com, Test Descrption=Accept and Reject Community Inviattions, email3=nancycarton2@gmail.com, email2=nancykemper463@gmail.com, email1=curatora99@gmail.com, Runmode=Y, browser=chrome, communityName=Community -, password=Admin@123}</td>
<td></td>
<td>138</td>
<td>com.cpcommunity.testScripts.community.TC042_Member_Reject_community_Request_from_Community_details_page@df27fae</td></tr>
<tr>
<td title='com.cpcommunity.testScripts.community.TC044_Member_Accept_Community_Request_From_Community_details_page.TC041ToTC046()'><b>TC041ToTC046</b><br>Test class: com.cpcommunity.testScripts.community.TC044_Member_Accept_Community_Request_From_Community_details_page<br>Parameters: {email7=justinchamp111@gmail.com, email6=elizabeth.evans003@gmail.com, email5=brooksalex796@gmail.com, email4=harleydavid463@gmail.com, Test Descrption=Accept and Reject Community Inviattions, email3=nancycarton2@gmail.com, email2=nancykemper463@gmail.com, email1=curatora99@gmail.com, Runmode=Y, browser=chrome, communityName=Community -, password=Admin@123}</td>
<td></td>
<td>175</td>
<td>com.cpcommunity.testScripts.community.TC044_Member_Accept_Community_Request_From_Community_details_page@16f7c8c1</td></tr>
<tr>
<td title='com.cpcommunity.testScripts.community.TC045_Member_Accept_Community_Request_From_Global_Community.TC041ToTC046()'><b>TC041ToTC046</b><br>Test class: com.cpcommunity.testScripts.community.TC045_Member_Accept_Community_Request_From_Global_Community<br>Parameters: {email7=justinchamp111@gmail.com, email6=elizabeth.evans003@gmail.com, email5=brooksalex796@gmail.com, email4=harleydavid463@gmail.com, Test Descrption=Accept and Reject Community Inviattions, email3=nancycarton2@gmail.com, email2=nancykemper463@gmail.com, email1=curatora99@gmail.com, Runmode=Y, browser=chrome, communityName=Community -, password=Admin@123}</td>
<td></td>
<td>84</td>
<td>com.cpcommunity.testScripts.community.TC045_Member_Accept_Community_Request_From_Global_Community@2f0a87b3</td></tr>
<tr>
<td title='com.cpcommunity.testScripts.community.TC046_Member_Accept_Community_Request_from_My_Communities.TC041ToTC046()'><b>TC041ToTC046</b><br>Test class: com.cpcommunity.testScripts.community.TC046_Member_Accept_Community_Request_from_My_Communities<br>Parameters: {email7=justinchamp111@gmail.com, email6=elizabeth.evans003@gmail.com, email5=brooksalex796@gmail.com, email4=harleydavid463@gmail.com, Test Descrption=Accept and Reject Community Inviattions, email3=nancycarton2@gmail.com, email2=nancykemper463@gmail.com, email1=curatora99@gmail.com, Runmode=Y, browser=chrome, communityName=Community -, password=Admin@123}</td>
<td></td>
<td>93</td>
<td>com.cpcommunity.testScripts.community.TC046_Member_Accept_Community_Request_from_My_Communities@319b92f3</td></tr>
<tr>
<td title='com.cpcommunity.testScripts.community.TC063_Member_to_Join_Private_Communities_From_Community_Details.TC063()'><b>TC063</b><br>Test class: com.cpcommunity.testScripts.community.TC063_Member_to_Join_Private_Communities_From_Community_Details<br>Parameters: {Test Descrption=TC063_Member_to_Join_Private_Communities_From_Community_Details, password=Admin@123, email=jennings.lampbell@gmail.com, browser=chrome, Runmode=Y, communityName=Community -, email1=lancekluse1@gmail.com}</td>
<td></td>
<td>195</td>
<td>com.cpcommunity.testScripts.community.TC063_Member_to_Join_Private_Communities_From_Community_Details@fcd6521</td></tr>
<tr>
<td title='com.cpcommunity.testScripts.community.TC075_Member_Cancel_Community_Join_Request_from_My_Communities________.TC075()'><b>TC075</b><br>Test class: com.cpcommunity.testScripts.community.TC075_Member_Cancel_Community_Join_Request_from_My_Communities________<br>Parameters: {Test Descrption=TC075_Member_Cancel_Community_Join_Request_from_My_Communities________, password=Admin@123, email=luisphilip225@gmail.com, browser=chrome, Runmode=Y, communityName=Community -}</td>
<td></td>
<td>140</td>
<td>com.cpcommunity.testScripts.community.TC075_Member_Cancel_Community_Join_Request_from_My_Communities________@27d415d9</td></tr>
<tr>
<td title='com.cpcommunity.testScripts.community.TC077_Member_Join_And_Cancel_Community_From_Global_Communities_______.TC077()'><b>TC077</b><br>Test class: com.cpcommunity.testScripts.community.TC077_Member_Join_And_Cancel_Community_From_Global_Communities_______<br>Parameters: {Test Descrption=TC077_Member_Join_And_Cancel_Community_From_Global_Communities_______, password=Admin@123, email=eaglelier@gmail.com, browser=chrome, Runmode=Y, communityName=Community -}</td>
<td></td>
<td>109</td>
<td>com.cpcommunity.testScripts.community.TC077_Member_Join_And_Cancel_Community_From_Global_Communities_______@5c18298f</td></tr>
<tr>
<td title='com.cpcommunity.testScripts.community.TC125_Member_Cancel_Created_Community_Request.TC125()'><b>TC125</b><br>Test class: com.cpcommunity.testScripts.community.TC125_Member_Cancel_Created_Community_Request<br>Parameters: {Test Descrption=TC125_Member_Cancel_Created_Community_Request, browser=chrome, password=Admin@123, email=curatora99@gmail.com, Runmode=Y, communityName=Virtual Business -}</td>
<td></td>
<td>99</td>
<td>com.cpcommunity.testScripts.community.TC125_Member_Cancel_Created_Community_Request@31f924f5</td></tr>
<tr>
<td title='com.cpcommunity.testScripts.advertisments.TC132_Create_Advertisement_Plans_With_No_Approval.TC132()'><b>TC132</b><br>Test class: com.cpcommunity.testScripts.advertisments.TC132_Create_Advertisement_Plans_With_No_Approval<br>Parameters: {adType=Image, Test Descrption=TC132_Create_Advertisement_Plans_With_No_Approval, duration=1, Runmode=Y, adLocation2=GLOBAL MEMBERS, approvalType=No, adLocation1=COMMUNITY DETAILS, durationType=Day(s), browser=chrome, name2=Advertisment 2, price=12, name1=Advertisment 1, communityName=Community -, email=andrew74444@gmail.com, password=Admin@123, planDetails=Please check the ad plan details soon…}</td>
<td></td>
<td>136</td>
<td>com.cpcommunity.testScripts.advertisments.TC132_Create_Advertisement_Plans_With_No_Approval@5579bb86</td></tr>
<tr>
<td title='com.cpcommunity.testScripts.advertisments.TC133_Create_Advertisement_Plans_With_Required_Approval.TC133()'><b>TC133</b><br>Test class: com.cpcommunity.testScripts.advertisments.TC133_Create_Advertisement_Plans_With_Required_Approval<br>Parameters: {adType=Image, Test Descrption=TC133_Create_Advertisement_Plans_With_Required_Approval, duration=1, Runmode=Y, adLocation2=GLOBAL MEMBERS, approvalType=Yes, adLocation1=COMMUNITY DETAILS, durationType=Day(s), browser=chrome, name2=Advertisment 4, price=12, name1=Advertisment 3, communityName=Community -, email=andrew74444@gmail.com, password=Admin@123, planDetails=Please check the ad plan details soon…}</td>
<td></td>
<td>132</td>
<td>com.cpcommunity.testScripts.advertisments.TC133_Create_Advertisement_Plans_With_Required_Approval@5204062d</td></tr>
<tr>
<td title='com.cpcommunity.testScripts.Event_Registrations.TC153_Free_Event_Registration_From_Event_CheckIn.TC153()'><b>TC153</b><br>Test class: com.cpcommunity.testScripts.Event_Registrations.TC153_Free_Event_Registration_From_Event_CheckIn<br>Parameters: {attendeeFirstName=Andrew, Test Descrption=TC153_Free_Event_Registration_From_Event_CheckIn, Runmode=Y, browser=chrome, eventName=Free event -, communityName=Community -, email=andrew74444@gmail.com, attendeLastName=Thomson, password=Admin@123, companyName=PamTen, attendeeEmailID=andrew74444@gmail.com}</td>
<td></td>
<td>135</td>
<td>com.cpcommunity.testScripts.Event_Registrations.TC153_Free_Event_Registration_From_Event_CheckIn@376b4233</td></tr>
<tr>
<td title='com.cpcommunity.testScripts.community.TC164_Search_Event_In_Community_Details_Page.TC164()'><b>TC164</b><br>Test class: com.cpcommunity.testScripts.community.TC164_Search_Event_In_Community_Details_Page<br>Parameters: {eventName=Free event -, Test Descrption=TC164_Search_Event_In_Community_Details_Page, password=Admin@123, email=andrew74444@gmail.com, browser=chrome, Runmode=Y, communityName=Community -}</td>
<td></td>
<td>97</td>
<td>com.cpcommunity.testScripts.community.TC164_Search_Event_In_Community_Details_Page@4fcd19b3</td></tr>
</table><p>
<table width='100%' border='1' class='invocation-skipped'>
<tr><td colspan='4' align='center'><b>SKIPPED TESTS</b></td></tr>
<tr><td><b>Test method</b></td>
<td width="30%"><b>Exception</b></td>
<td width="10%"><b>Time (seconds)</b></td>
<td><b>Instance</b></td>
</tr>
<tr>
<td title='com.cpcommunity.testScripts.Event_Registrations.TC153_Free_Event_Registration_From_Event_CheckIn.TC153()'><b>TC153</b><br>Test class: com.cpcommunity.testScripts.Event_Registrations.TC153_Free_Event_Registration_From_Event_CheckIn<br>Parameters: {attendeeFirstName=Andrew, Test Descrption=TC153_Free_Event_Registration_From_Event_CheckIn, Runmode=Y, browser=chrome, eventName=Free event -, communityName=Community -, email=andrew74444@gmail.com, attendeLastName=Thomson, password=Admin@123, companyName=PamTen, attendeeEmailID=andrew74444@gmail.com}</td>
<td><div><pre>org.openqa.selenium.StaleElementReferenceException: stale element reference: element is not attached to the page document
  (Session info: chrome=85.0.4183.121)
  (Driver info: chromedriver=2.38.552522 (437e6fbedfa8762dec75e2c5b3ddb86763dc9dcb),platform=Windows NT 10.0.18362 x86_64) (WARNING: The server did not provide any stacktrace information)
Command duration or timeout: 0 milliseconds
For documentation on this error, please visit: http://seleniumhq.org/exceptions/stale_element_reference.html
Build info: version: &apos;3.14.0&apos;, revision: &apos;aacccce0&apos;, time: &apos;2018-08-02T20:19:58.91Z&apos;
System info: host: &apos;LAPTOP-65H8KDP8&apos;, ip: &apos;10.0.0.11&apos;, os.name: &apos;Windows 10&apos;, os.arch: &apos;amd64&apos;, os.version: &apos;10.0&apos;, java.version: &apos;1.8.0_251&apos;
Driver info: org.openqa.selenium.chrome.ChromeDriver
Capabilities {acceptInsecureCerts: false, acceptSslCerts: false, applicationCacheEnabled: false, browserConnectionEnabled: false, browserName: chrome, chrome: {chromedriverVersion: 2.38.552522 (437e6fbedfa876..., userDataDir: C:\Users\netwo\AppData\Loca...}, cssSelectorsEnabled: true, databaseEnabled: false, handlesAlerts: true, hasTouchScreen: false, javascriptEnabled: true, locationContextEnabled: true, mobileEmulationEnabled: false, nativeEvents: true, networkConnectionEnabled: false, pageLoadStrategy: normal, platform: XP, platformName: XP, rotatable: false, setWindowRect: true, takesHeapSnapshot: true, takesScreenshot: true, unexpectedAlertBehaviour: , unhandledPromptBehavior: , version: 85.0.4183.121, webStorageEnabled: true}
Session ID: 894c2f62e1180149ba80c534a427a810
	at org.openqa.selenium.remote.ErrorHandler.createThrowable(ErrorHandler.java:214)
	at org.openqa.selenium.remote.ErrorHandler.throwIfResponseFailed(ErrorHandler.java:166)
	at org.openqa.selenium.remote.http.JsonHttpResponseCodec.reconstructValue(JsonHttpResponseCodec.java:40)
	at org.openqa.selenium.remote.http.AbstractHttpResponseCodec.decode(AbstractHttpResponseCodec.java:80)
	at org.openqa.selenium.remote.http.AbstractHttpResponseCodec.decode(AbstractHttpResponseCodec.java:44)
	at org.openqa.selenium.remote.HttpCommandExecutor.execute(HttpCommandExecutor.java:158)
	at org.openqa.selenium.remote.service.DriverCommandExecutor.execute(DriverCommandExecutor.java:83)
	at org.openqa.selenium.remote.RemoteWebDriver.execute(RemoteWebDriver.java:548)
	at org.openqa.selenium.remote.RemoteWebElement.execute(RemoteWebElement.java:276)
	at org.openqa.selenium.remote.RemoteWebElement.isDisplayed(RemoteWebElement.java:317)
	at org.openqa.selenium.support.pagefactory.internal.LocatingElementHandler.invoke(LocatingElementHandler.java:51)
	at com.sun.proxy.$Proxy9.isDisplayed(Unknown Source)
	at org.openqa.selenium.support.ui.ExpectedConditions.elementIfVisible(ExpectedConditions.java:315)
	at org.openqa.selenium.support.ui.ExpectedConditions.access$100(ExpectedConditions.java:44)
	at org.openqa.selenium.support.ui.ExpectedConditions$10.apply(ExpectedConditions.java:301)
	at org.openqa.selenium.support.ui.ExpectedConditions$10.apply(ExpectedConditions.java:298)
	at org.openqa.selenium.support.ui.FluentWait.until(FluentWait.java:260)
	at com.cpcommunity.PageObjects.BasePage.waitForElementToPresent(BasePage.java:177)
	at com.cpcommunity.PageObjects.CheckInPage.addAttendeeDetails(CheckInPage.java:92)
	at com.cpcommunity.PageObjects.CheckInPage.registerFreeEvent(CheckInPage.java:127)
	at com.cpcommunity.testScripts.Event_Registrations.TC153_Free_Event_Registration_From_Event_CheckIn.TC153(TC153_Free_Event_Registration_From_Event_CheckIn.java:31)
	at java.util.concurrent.ThreadPoolExecutor.runWorker(ThreadPoolExecutor.java:1149)
	at java.util.concurrent.ThreadPoolExecutor$Worker.run(ThreadPoolExecutor.java:624)
	at java.lang.Thread.run(Thread.java:748)
... Removed 17 stack frames</pre></div><a href='#' onClick='toggleBox("stack-trace604584957", this, "Click to show all stack frames", "Click to hide stack frames")'>Click to show all stack frames</a>
<div class='stack-trace' id='stack-trace604584957'><pre>org.openqa.selenium.StaleElementReferenceException: stale element reference: element is not attached to the page document
  (Session info: chrome=85.0.4183.121)
  (Driver info: chromedriver=2.38.552522 (437e6fbedfa8762dec75e2c5b3ddb86763dc9dcb),platform=Windows NT 10.0.18362 x86_64) (WARNING: The server did not provide any stacktrace information)
Command duration or timeout: 0 milliseconds
For documentation on this error, please visit: http://seleniumhq.org/exceptions/stale_element_reference.html
Build info: version: &apos;3.14.0&apos;, revision: &apos;aacccce0&apos;, time: &apos;2018-08-02T20:19:58.91Z&apos;
System info: host: &apos;LAPTOP-65H8KDP8&apos;, ip: &apos;10.0.0.11&apos;, os.name: &apos;Windows 10&apos;, os.arch: &apos;amd64&apos;, os.version: &apos;10.0&apos;, java.version: &apos;1.8.0_251&apos;
Driver info: org.openqa.selenium.chrome.ChromeDriver
Capabilities {acceptInsecureCerts: false, acceptSslCerts: false, applicationCacheEnabled: false, browserConnectionEnabled: false, browserName: chrome, chrome: {chromedriverVersion: 2.38.552522 (437e6fbedfa876..., userDataDir: C:\Users\netwo\AppData\Loca...}, cssSelectorsEnabled: true, databaseEnabled: false, handlesAlerts: true, hasTouchScreen: false, javascriptEnabled: true, locationContextEnabled: true, mobileEmulationEnabled: false, nativeEvents: true, networkConnectionEnabled: false, pageLoadStrategy: normal, platform: XP, platformName: XP, rotatable: false, setWindowRect: true, takesHeapSnapshot: true, takesScreenshot: true, unexpectedAlertBehaviour: , unhandledPromptBehavior: , version: 85.0.4183.121, webStorageEnabled: true}
Session ID: 894c2f62e1180149ba80c534a427a810
	at sun.reflect.NativeConstructorAccessorImpl.newInstance0(Native Method)
	at sun.reflect.NativeConstructorAccessorImpl.newInstance(NativeConstructorAccessorImpl.java:62)
	at sun.reflect.DelegatingConstructorAccessorImpl.newInstance(DelegatingConstructorAccessorImpl.java:45)
	at java.lang.reflect.Constructor.newInstance(Constructor.java:423)
	at org.openqa.selenium.remote.ErrorHandler.createThrowable(ErrorHandler.java:214)
	at org.openqa.selenium.remote.ErrorHandler.throwIfResponseFailed(ErrorHandler.java:166)
	at org.openqa.selenium.remote.http.JsonHttpResponseCodec.reconstructValue(JsonHttpResponseCodec.java:40)
	at org.openqa.selenium.remote.http.AbstractHttpResponseCodec.decode(AbstractHttpResponseCodec.java:80)
	at org.openqa.selenium.remote.http.AbstractHttpResponseCodec.decode(AbstractHttpResponseCodec.java:44)
	at org.openqa.selenium.remote.HttpCommandExecutor.execute(HttpCommandExecutor.java:158)
	at org.openqa.selenium.remote.service.DriverCommandExecutor.execute(DriverCommandExecutor.java:83)
	at org.openqa.selenium.remote.RemoteWebDriver.execute(RemoteWebDriver.java:548)
	at org.openqa.selenium.remote.RemoteWebElement.execute(RemoteWebElement.java:276)
	at org.openqa.selenium.remote.RemoteWebElement.isDisplayed(RemoteWebElement.java:317)
	at sun.reflect.GeneratedMethodAccessor2.invoke(Unknown Source)
	at sun.reflect.DelegatingMethodAccessorImpl.invoke(DelegatingMethodAccessorImpl.java:43)
	at java.lang.reflect.Method.invoke(Method.java:498)
	at org.openqa.selenium.support.pagefactory.internal.LocatingElementHandler.invoke(LocatingElementHandler.java:51)
	at com.sun.proxy.$Proxy9.isDisplayed(Unknown Source)
	at org.openqa.selenium.support.ui.ExpectedConditions.elementIfVisible(ExpectedConditions.java:315)
	at org.openqa.selenium.support.ui.ExpectedConditions.access$100(ExpectedConditions.java:44)
	at org.openqa.selenium.support.ui.ExpectedConditions$10.apply(ExpectedConditions.java:301)
	at org.openqa.selenium.support.ui.ExpectedConditions$10.apply(ExpectedConditions.java:298)
	at org.openqa.selenium.support.ui.FluentWait.until(FluentWait.java:260)
	at com.cpcommunity.PageObjects.BasePage.waitForElementToPresent(BasePage.java:177)
	at com.cpcommunity.PageObjects.CheckInPage.addAttendeeDetails(CheckInPage.java:92)
	at com.cpcommunity.PageObjects.CheckInPage.registerFreeEvent(CheckInPage.java:127)
	at com.cpcommunity.testScripts.Event_Registrations.TC153_Free_Event_Registration_From_Event_CheckIn.TC153(TC153_Free_Event_Registration_From_Event_CheckIn.java:31)
	at sun.reflect.NativeMethodAccessorImpl.invoke0(Native Method)
	at sun.reflect.NativeMethodAccessorImpl.invoke(NativeMethodAccessorImpl.java:62)
	at sun.reflect.DelegatingMethodAccessorImpl.invoke(DelegatingMethodAccessorImpl.java:43)
	at java.lang.reflect.Method.invoke(Method.java:498)
	at org.testng.internal.MethodInvocationHelper.invokeMethod(MethodInvocationHelper.java:108)
	at org.testng.internal.Invoker.invokeMethod(Invoker.java:661)
	at org.testng.internal.Invoker.invokeTestMethod(Invoker.java:869)
	at org.testng.internal.Invoker.invokeTestMethods(Invoker.java:1193)
	at org.testng.internal.TestMethodWorker.invokeTestMethods(TestMethodWorker.java:126)
	at org.testng.internal.TestMethodWorker.run(TestMethodWorker.java:109)
	at java.util.concurrent.ThreadPoolExecutor.runWorker(ThreadPoolExecutor.java:1149)
	at java.util.concurrent.ThreadPoolExecutor$Worker.run(ThreadPoolExecutor.java:624)
	at java.lang.Thread.run(Thread.java:748)
</pre></div></td>
<td>205</td>
<td>com.cpcommunity.testScripts.Event_Registrations.TC153_Free_Event_Registration_From_Event_CheckIn@376b4233</td></tr>
</table><p>
</body>
</html>